{"/home/bhavya/Documents/bootcamp-11/bc11-frontend/src/App.js": {"path":"/home/bhavya/Documents/bootcamp-11/bc11-frontend/src/App.js","statementMap":{"0":{"start":{"line":14,"column":30},"end":{"line":14,"column":40}},"1":{"start":{"line":16,"column":2},"end":{"line":51,"column":9}},"2":{"start":{"line":17,"column":19},"end":{"line":23,"column":5}},"3":{"start":{"line":24,"column":4},"end":{"line":50,"column":7}},"4":{"start":{"line":25,"column":25},"end":{"line":25,"column":66}},"5":{"start":{"line":26,"column":6},"end":{"line":49,"column":7}},"6":{"start":{"line":27,"column":8},"end":{"line":37,"column":10}},"7":{"start":{"line":29,"column":29},"end":{"line":29,"column":49}},"8":{"start":{"line":30,"column":12},"end":{"line":32,"column":13}},"9":{"start":{"line":31,"column":14},"end":{"line":31,"column":69}},"10":{"start":{"line":35,"column":12},"end":{"line":35,"column":47}},"11":{"start":{"line":39,"column":8},"end":{"line":48,"column":10}},"12":{"start":{"line":41,"column":12},"end":{"line":43,"column":13}},"13":{"start":{"line":42,"column":14},"end":{"line":42,"column":72}},"14":{"start":{"line":46,"column":12},"end":{"line":46,"column":40}},"15":{"start":{"line":53,"column":2},"end":{"line":63,"column":4}}},"fnMap":{"0":{"name":"App","decl":{"start":{"line":13,"column":9},"end":{"line":13,"column":12}},"loc":{"start":{"line":13,"column":20},"end":{"line":64,"column":1}},"line":13},"1":{"name":"(anonymous_1)","decl":{"start":{"line":16,"column":12},"end":{"line":16,"column":13}},"loc":{"start":{"line":16,"column":24},"end":{"line":51,"column":3}},"line":16},"2":{"name":"(anonymous_2)","decl":{"start":{"line":24,"column":36},"end":{"line":24,"column":37}},"loc":{"start":{"line":24,"column":48},"end":{"line":50,"column":5}},"line":24},"3":{"name":"(anonymous_3)","decl":{"start":{"line":28,"column":10},"end":{"line":28,"column":11}},"loc":{"start":{"line":28,"column":19},"end":{"line":33,"column":11}},"line":28},"4":{"name":"(anonymous_4)","decl":{"start":{"line":34,"column":10},"end":{"line":34,"column":11}},"loc":{"start":{"line":34,"column":19},"end":{"line":36,"column":11}},"line":34},"5":{"name":"(anonymous_5)","decl":{"start":{"line":40,"column":10},"end":{"line":40,"column":11}},"loc":{"start":{"line":40,"column":16},"end":{"line":44,"column":11}},"line":40},"6":{"name":"(anonymous_6)","decl":{"start":{"line":45,"column":10},"end":{"line":45,"column":11}},"loc":{"start":{"line":45,"column":19},"end":{"line":47,"column":11}},"line":45}},"branchMap":{"0":{"loc":{"start":{"line":26,"column":6},"end":{"line":49,"column":7}},"type":"if","locations":[{"start":{"line":26,"column":6},"end":{"line":49,"column":7}},{"start":{"line":26,"column":6},"end":{"line":49,"column":7}}],"line":26},"1":{"loc":{"start":{"line":30,"column":12},"end":{"line":32,"column":13}},"type":"if","locations":[{"start":{"line":30,"column":12},"end":{"line":32,"column":13}},{"start":{"line":30,"column":12},"end":{"line":32,"column":13}}],"line":30},"2":{"loc":{"start":{"line":41,"column":12},"end":{"line":43,"column":13}},"type":"if","locations":[{"start":{"line":41,"column":12},"end":{"line":43,"column":13}},{"start":{"line":41,"column":12},"end":{"line":43,"column":13}}],"line":41}},"s":{"0":1,"1":1,"2":1,"3":1,"4":0,"5":0,"6":0,"7":0,"8":0,"9":0,"10":0,"11":0,"12":0,"13":0,"14":0,"15":1},"f":{"0":1,"1":1,"2":0,"3":0,"4":0,"5":0,"6":0},"b":{"0":[0,0],"1":[0,0],"2":[0,0]},"_coverageSchema":"1a1c01bbd47fc00a2c39e90264f33305004495a9","hash":"b39a7708e4d3af7e000ce8386e044c42c7d4b0b5"}
,"/home/bhavya/Documents/bootcamp-11/bc11-frontend/src/GoogleAuthcred.js": {"path":"/home/bhavya/Documents/bootcamp-11/bc11-frontend/src/GoogleAuthcred.js","statementMap":{"0":{"start":{"line":1,"column":20},"end":{"line":4,"column":1}}},"fnMap":{},"branchMap":{},"s":{"0":0},"f":{},"b":{}}
,"/home/bhavya/Documents/bootcamp-11/bc11-frontend/src/components/atoms/Avatar/AvatarAtom.js": {"path":"/home/bhavya/Documents/bootcamp-11/bc11-frontend/src/components/atoms/Avatar/AvatarAtom.js","statementMap":{"0":{"start":{"line":5,"column":4},"end":{"line":5,"column":67}}},"fnMap":{"0":{"name":"AvatarAtom","decl":{"start":{"line":4,"column":24},"end":{"line":4,"column":34}},"loc":{"start":{"line":4,"column":42},"end":{"line":6,"column":1}},"line":4}},"branchMap":{},"s":{"0":46},"f":{"0":46},"b":{},"_coverageSchema":"1a1c01bbd47fc00a2c39e90264f33305004495a9","hash":"3e44d5eb58f68d5fdb6795bfd8fcc9e5582f0f0d"}
,"/home/bhavya/Documents/bootcamp-11/bc11-frontend/src/components/atoms/Button/ButtonAtom.js": {"path":"/home/bhavya/Documents/bootcamp-11/bc11-frontend/src/components/atoms/Button/ButtonAtom.js","statementMap":{"0":{"start":{"line":6,"column":18},"end":{"line":11,"column":2}},"1":{"start":{"line":26,"column":18},"end":{"line":26,"column":29}},"2":{"start":{"line":27,"column":2},"end":{"line":45,"column":4}},"3":{"start":{"line":47,"column":0},"end":{"line":51,"column":2}},"4":{"start":{"line":52,"column":0},"end":{"line":54,"column":2}}},"fnMap":{"0":{"name":"ButtonAtom","decl":{"start":{"line":13,"column":24},"end":{"line":13,"column":34}},"loc":{"start":{"line":25,"column":3},"end":{"line":46,"column":1}},"line":25}},"branchMap":{},"s":{"0":21,"1":313,"2":313,"3":21,"4":21},"f":{"0":313},"b":{},"_coverageSchema":"1a1c01bbd47fc00a2c39e90264f33305004495a9","hash":"3144ac77c44f6801efd2ac4306cc2dcfa46f512b"}
,"/home/bhavya/Documents/bootcamp-11/bc11-frontend/src/components/atoms/Chip/Chip.js": {"path":"/home/bhavya/Documents/bootcamp-11/bc11-frontend/src/components/atoms/Chip/Chip.js","statementMap":{"0":{"start":{"line":7,"column":15},"end":{"line":12,"column":2}},"1":{"start":{"line":7,"column":27},"end":{"line":12,"column":1}},"2":{"start":{"line":14,"column":13},"end":{"line":34,"column":1}},"3":{"start":{"line":24,"column":2},"end":{"line":33,"column":4}},"4":{"start":{"line":36,"column":0},"end":{"line":42,"column":2}},"5":{"start":{"line":43,"column":0},"end":{"line":49,"column":2}}},"fnMap":{"0":{"name":"(anonymous_0)","decl":{"start":{"line":7,"column":15},"end":{"line":7,"column":16}},"loc":{"start":{"line":7,"column":27},"end":{"line":12,"column":1}},"line":7},"1":{"name":"(anonymous_1)","decl":{"start":{"line":14,"column":13},"end":{"line":14,"column":14}},"loc":{"start":{"line":23,"column":6},"end":{"line":34,"column":1}},"line":23}},"branchMap":{},"s":{"0":7,"1":1,"2":7,"3":3,"4":7,"5":7},"f":{"0":1,"1":3},"b":{},"_coverageSchema":"1a1c01bbd47fc00a2c39e90264f33305004495a9","hash":"3290eefadff44babece8fd4672ad14cee13246c0"}
,"/home/bhavya/Documents/bootcamp-11/bc11-frontend/src/components/atoms/Icon/IconAtom.js": {"path":"/home/bhavya/Documents/bootcamp-11/bc11-frontend/src/components/atoms/Icon/IconAtom.js","statementMap":{"0":{"start":{"line":10,"column":2},"end":{"line":18,"column":4}},"1":{"start":{"line":20,"column":0},"end":{"line":23,"column":2}}},"fnMap":{"0":{"name":"IconAtom","decl":{"start":{"line":5,"column":24},"end":{"line":5,"column":32}},"loc":{"start":{"line":9,"column":3},"end":{"line":19,"column":1}},"line":9}},"branchMap":{},"s":{"0":17,"1":8},"f":{"0":17},"b":{},"_coverageSchema":"1a1c01bbd47fc00a2c39e90264f33305004495a9","hash":"b95d41e9c3688adfa172cae9b979c14182d4feeb"}
,"/home/bhavya/Documents/bootcamp-11/bc11-frontend/src/components/atoms/IconButton/IconButtonAtom.js": {"path":"/home/bhavya/Documents/bootcamp-11/bc11-frontend/src/components/atoms/IconButton/IconButtonAtom.js","statementMap":{"0":{"start":{"line":10,"column":2},"end":{"line":14,"column":4}},"1":{"start":{"line":16,"column":0},"end":{"line":19,"column":2}}},"fnMap":{"0":{"name":"IconButtonAtom","decl":{"start":{"line":5,"column":24},"end":{"line":5,"column":38}},"loc":{"start":{"line":9,"column":3},"end":{"line":15,"column":1}},"line":9}},"branchMap":{},"s":{"0":91,"1":7},"f":{"0":91},"b":{},"_coverageSchema":"1a1c01bbd47fc00a2c39e90264f33305004495a9","hash":"ab8cc27449f03e838004864b7c240a3549b6ec99"}
,"/home/bhavya/Documents/bootcamp-11/bc11-frontend/src/components/atoms/IconWithBadge/IconWithBadge.js": {"path":"/home/bhavya/Documents/bootcamp-11/bc11-frontend/src/components/atoms/IconWithBadge/IconWithBadge.js","statementMap":{"0":{"start":{"line":5,"column":4},"end":{"line":5,"column":55}}},"fnMap":{"0":{"name":"IconWithBadge","decl":{"start":{"line":4,"column":24},"end":{"line":4,"column":37}},"loc":{"start":{"line":4,"column":45},"end":{"line":6,"column":1}},"line":4}},"branchMap":{},"s":{"0":86},"f":{"0":86},"b":{},"_coverageSchema":"1a1c01bbd47fc00a2c39e90264f33305004495a9","hash":"7f2d686a1afe6b5dab12f7293b083eb56ae75d30"}
,"/home/bhavya/Documents/bootcamp-11/bc11-frontend/src/components/atoms/Process/Processing.js": {"path":"/home/bhavya/Documents/bootcamp-11/bc11-frontend/src/components/atoms/Process/Processing.js","statementMap":{"0":{"start":{"line":6,"column":25},"end":{"line":13,"column":3}},"1":{"start":{"line":15,"column":2},"end":{"line":19,"column":4}}},"fnMap":{"0":{"name":"Processing","decl":{"start":{"line":5,"column":24},"end":{"line":5,"column":34}},"loc":{"start":{"line":5,"column":37},"end":{"line":20,"column":1}},"line":5}},"branchMap":{},"s":{"0":1,"1":1},"f":{"0":1},"b":{},"_coverageSchema":"1a1c01bbd47fc00a2c39e90264f33305004495a9","hash":"8573621d1f2dd1351ffa3fec34bc364830596e92"}
,"/home/bhavya/Documents/bootcamp-11/bc11-frontend/src/components/atoms/Processing/Processing.js": {"path":"/home/bhavya/Documents/bootcamp-11/bc11-frontend/src/components/atoms/Processing/Processing.js","statementMap":{"0":{"start":{"line":6,"column":25},"end":{"line":13,"column":3}},"1":{"start":{"line":15,"column":2},"end":{"line":19,"column":4}}},"fnMap":{"0":{"name":"Processing","decl":{"start":{"line":5,"column":24},"end":{"line":5,"column":34}},"loc":{"start":{"line":5,"column":37},"end":{"line":20,"column":1}},"line":5}},"branchMap":{},"s":{"0":1,"1":1},"f":{"0":1},"b":{},"_coverageSchema":"1a1c01bbd47fc00a2c39e90264f33305004495a9","hash":"c214d737932a6e4976758e5b9e82d89c568d9693"}
,"/home/bhavya/Documents/bootcamp-11/bc11-frontend/src/components/atoms/TextInput/TextInput.js": {"path":"/home/bhavya/Documents/bootcamp-11/bc11-frontend/src/components/atoms/TextInput/TextInput.js","statementMap":{"0":{"start":{"line":8,"column":21},"end":{"line":24,"column":14}},"1":{"start":{"line":8,"column":44},"end":{"line":24,"column":1}},"2":{"start":{"line":26,"column":18},"end":{"line":37,"column":3}},"3":{"start":{"line":26,"column":41},"end":{"line":37,"column":1}},"4":{"start":{"line":38,"column":18},"end":{"line":51,"column":1}},"5":{"start":{"line":39,"column":18},"end":{"line":39,"column":29}},"6":{"start":{"line":40,"column":2},"end":{"line":50,"column":4}},"7":{"start":{"line":52,"column":0},"end":{"line":54,"column":2}},"8":{"start":{"line":55,"column":0},"end":{"line":57,"column":2}}},"fnMap":{"0":{"name":"(anonymous_0)","decl":{"start":{"line":8,"column":32},"end":{"line":8,"column":33}},"loc":{"start":{"line":8,"column":44},"end":{"line":24,"column":1}},"line":8},"1":{"name":"(anonymous_1)","decl":{"start":{"line":26,"column":29},"end":{"line":26,"column":30}},"loc":{"start":{"line":26,"column":41},"end":{"line":37,"column":1}},"line":26},"2":{"name":"(anonymous_2)","decl":{"start":{"line":38,"column":18},"end":{"line":38,"column":19}},"loc":{"start":{"line":38,"column":43},"end":{"line":51,"column":1}},"line":38}},"branchMap":{},"s":{"0":1,"1":1,"2":1,"3":1,"4":1,"5":1,"6":1,"7":1,"8":1},"f":{"0":1,"1":1,"2":1},"b":{},"_coverageSchema":"1a1c01bbd47fc00a2c39e90264f33305004495a9","hash":"d18c1f6793ace158a84a7f5a20fcb097f122304f"}
,"/home/bhavya/Documents/bootcamp-11/bc11-frontend/src/components/atoms/shared/ListIcons.js": {"path":"/home/bhavya/Documents/bootcamp-11/bc11-frontend/src/components/atoms/shared/ListIcons.js","statementMap":{"0":{"start":{"line":13,"column":18},"end":{"line":25,"column":1}}},"fnMap":{},"branchMap":{},"s":{"0":6},"f":{},"b":{},"_coverageSchema":"1a1c01bbd47fc00a2c39e90264f33305004495a9","hash":"91077260b0008d1ba544e9ce9745900e2d38468c"}
,"/home/bhavya/Documents/bootcamp-11/bc11-frontend/src/components/molecules/AppBanner/AppBanner.js": {"path":"/home/bhavya/Documents/bootcamp-11/bc11-frontend/src/components/molecules/AppBanner/AppBanner.js","statementMap":{"0":{"start":{"line":10,"column":18},"end":{"line":19,"column":3}},"1":{"start":{"line":10,"column":36},"end":{"line":19,"column":1}},"2":{"start":{"line":22,"column":18},"end":{"line":22,"column":29}},"3":{"start":{"line":23,"column":18},"end":{"line":23,"column":30}},"4":{"start":{"line":24,"column":26},"end":{"line":24,"column":47}},"5":{"start":{"line":26,"column":26},"end":{"line":28,"column":3}},"6":{"start":{"line":27,"column":4},"end":{"line":27,"column":18}},"7":{"start":{"line":29,"column":22},"end":{"line":31,"column":3}},"8":{"start":{"line":30,"column":4},"end":{"line":30,"column":19}},"9":{"start":{"line":32,"column":22},"end":{"line":34,"column":3}},"10":{"start":{"line":33,"column":4},"end":{"line":33,"column":26}},"11":{"start":{"line":35,"column":2},"end":{"line":59,"column":4}}},"fnMap":{"0":{"name":"(anonymous_0)","decl":{"start":{"line":10,"column":29},"end":{"line":10,"column":30}},"loc":{"start":{"line":10,"column":36},"end":{"line":19,"column":1}},"line":10},"1":{"name":"AppBanner","decl":{"start":{"line":21,"column":24},"end":{"line":21,"column":33}},"loc":{"start":{"line":21,"column":41},"end":{"line":60,"column":1}},"line":21},"2":{"name":"(anonymous_2)","decl":{"start":{"line":26,"column":26},"end":{"line":26,"column":27}},"loc":{"start":{"line":26,"column":32},"end":{"line":28,"column":3}},"line":26},"3":{"name":"(anonymous_3)","decl":{"start":{"line":29,"column":22},"end":{"line":29,"column":23}},"loc":{"start":{"line":29,"column":28},"end":{"line":31,"column":3}},"line":29},"4":{"name":"(anonymous_4)","decl":{"start":{"line":32,"column":22},"end":{"line":32,"column":23}},"loc":{"start":{"line":32,"column":26},"end":{"line":34,"column":3}},"line":32}},"branchMap":{"0":{"loc":{"start":{"line":36,"column":20},"end":{"line":36,"column":115}},"type":"cond-expr","locations":[{"start":{"line":36,"column":77},"end":{"line":36,"column":100}},{"start":{"line":36,"column":103},"end":{"line":36,"column":115}}],"line":36},"1":{"loc":{"start":{"line":36,"column":20},"end":{"line":36,"column":74}},"type":"binary-expr","locations":[{"start":{"line":36,"column":20},"end":{"line":36,"column":25}},{"start":{"line":36,"column":29},"end":{"line":36,"column":47}},{"start":{"line":36,"column":51},"end":{"line":36,"column":74}}],"line":36},"2":{"loc":{"start":{"line":40,"column":18},"end":{"line":40,"column":59}},"type":"cond-expr","locations":[{"start":{"line":40,"column":42},"end":{"line":40,"column":54}},{"start":{"line":40,"column":56},"end":{"line":40,"column":59}}],"line":40},"3":{"loc":{"start":{"line":40,"column":18},"end":{"line":40,"column":39}},"type":"binary-expr","locations":[{"start":{"line":40,"column":18},"end":{"line":40,"column":23}},{"start":{"line":40,"column":27},"end":{"line":40,"column":39}}],"line":40},"4":{"loc":{"start":{"line":41,"column":17},"end":{"line":41,"column":57}},"type":"cond-expr","locations":[{"start":{"line":41,"column":40},"end":{"line":41,"column":51}},{"start":{"line":41,"column":54},"end":{"line":41,"column":57}}],"line":41},"5":{"loc":{"start":{"line":41,"column":17},"end":{"line":41,"column":37}},"type":"binary-expr","locations":[{"start":{"line":41,"column":17},"end":{"line":41,"column":22}},{"start":{"line":41,"column":26},"end":{"line":41,"column":37}}],"line":41},"6":{"loc":{"start":{"line":42,"column":21},"end":{"line":42,"column":137}},"type":"cond-expr","locations":[{"start":{"line":42,"column":85},"end":{"line":42,"column":115}},{"start":{"line":42,"column":118},"end":{"line":42,"column":137}}],"line":42},"7":{"loc":{"start":{"line":42,"column":21},"end":{"line":42,"column":82}},"type":"binary-expr","locations":[{"start":{"line":42,"column":21},"end":{"line":42,"column":26}},{"start":{"line":42,"column":30},"end":{"line":42,"column":48}},{"start":{"line":42,"column":52},"end":{"line":42,"column":82}}],"line":42},"8":{"loc":{"start":{"line":45,"column":57},"end":{"line":45,"column":167}},"type":"cond-expr","locations":[{"start":{"line":45,"column":119},"end":{"line":45,"column":147}},{"start":{"line":45,"column":150},"end":{"line":45,"column":167}}],"line":45},"9":{"loc":{"start":{"line":45,"column":57},"end":{"line":45,"column":116}},"type":"binary-expr","locations":[{"start":{"line":45,"column":57},"end":{"line":45,"column":62}},{"start":{"line":45,"column":66},"end":{"line":45,"column":84}},{"start":{"line":45,"column":88},"end":{"line":45,"column":116}}],"line":45},"10":{"loc":{"start":{"line":52,"column":23},"end":{"line":52,"column":142}},"type":"cond-expr","locations":[{"start":{"line":52,"column":88},"end":{"line":52,"column":119}},{"start":{"line":52,"column":122},"end":{"line":52,"column":142}}],"line":52},"11":{"loc":{"start":{"line":52,"column":23},"end":{"line":52,"column":85}},"type":"binary-expr","locations":[{"start":{"line":52,"column":23},"end":{"line":52,"column":28}},{"start":{"line":52,"column":32},"end":{"line":52,"column":50}},{"start":{"line":52,"column":54},"end":{"line":52,"column":85}}],"line":52}},"s":{"0":3,"1":2,"2":7,"3":7,"4":7,"5":7,"6":1,"7":7,"8":1,"9":7,"10":0,"11":7},"f":{"0":2,"1":7,"2":1,"3":1,"4":0},"b":{"0":[1,6],"1":[7,7,1],"2":[1,6],"3":[7,7],"4":[1,6],"5":[7,7],"6":[1,6],"7":[7,7,1],"8":[1,6],"9":[7,7,1],"10":[1,6],"11":[7,7,1]},"_coverageSchema":"1a1c01bbd47fc00a2c39e90264f33305004495a9","hash":"c8d0bca21387c8a9a12f96c65b904d43b1428fa2"}
,"/home/bhavya/Documents/bootcamp-11/bc11-frontend/src/components/molecules/AreaGraph/AreaGraph.js": {"path":"/home/bhavya/Documents/bootcamp-11/bc11-frontend/src/components/molecules/AreaGraph/AreaGraph.js","statementMap":{"0":{"start":{"line":7,"column":15},"end":{"line":32,"column":2}},"1":{"start":{"line":7,"column":22},"end":{"line":32,"column":1}},"2":{"start":{"line":34,"column":18},"end":{"line":72,"column":1}},"3":{"start":{"line":35,"column":2},"end":{"line":71,"column":4}},"4":{"start":{"line":74,"column":0},"end":{"line":99,"column":2}},"5":{"start":{"line":100,"column":0},"end":{"line":105,"column":2}}},"fnMap":{"0":{"name":"(anonymous_0)","decl":{"start":{"line":7,"column":15},"end":{"line":7,"column":16}},"loc":{"start":{"line":7,"column":22},"end":{"line":32,"column":1}},"line":7},"1":{"name":"(anonymous_1)","decl":{"start":{"line":34,"column":18},"end":{"line":34,"column":19}},"loc":{"start":{"line":34,"column":82},"end":{"line":72,"column":1}},"line":34}},"branchMap":{"0":{"loc":{"start":{"line":45,"column":7},"end":{"line":69,"column":7}},"type":"binary-expr","locations":[{"start":{"line":45,"column":7},"end":{"line":45,"column":26}},{"start":{"line":46,"column":8},"end":{"line":68,"column":15}}],"line":45}},"s":{"0":4,"1":4,"2":4,"3":9,"4":4,"5":4},"f":{"0":4,"1":9},"b":{"0":[9,9]},"_coverageSchema":"1a1c01bbd47fc00a2c39e90264f33305004495a9","hash":"3a7c98ce53bc60647bbe8fd3198ef65d70f1637a"}
,"/home/bhavya/Documents/bootcamp-11/bc11-frontend/src/components/molecules/BarGraph/BarGraph.js": {"path":"/home/bhavya/Documents/bootcamp-11/bc11-frontend/src/components/molecules/BarGraph/BarGraph.js","statementMap":{"0":{"start":{"line":7,"column":15},"end":{"line":26,"column":2}},"1":{"start":{"line":7,"column":22},"end":{"line":26,"column":1}},"2":{"start":{"line":28,"column":17},"end":{"line":58,"column":1}},"3":{"start":{"line":29,"column":2},"end":{"line":57,"column":4}},"4":{"start":{"line":60,"column":0},"end":{"line":85,"column":2}},"5":{"start":{"line":86,"column":0},"end":{"line":91,"column":2}}},"fnMap":{"0":{"name":"(anonymous_0)","decl":{"start":{"line":7,"column":15},"end":{"line":7,"column":16}},"loc":{"start":{"line":7,"column":22},"end":{"line":26,"column":1}},"line":7},"1":{"name":"(anonymous_1)","decl":{"start":{"line":28,"column":17},"end":{"line":28,"column":18}},"loc":{"start":{"line":28,"column":81},"end":{"line":58,"column":1}},"line":28}},"branchMap":{"0":{"loc":{"start":{"line":39,"column":7},"end":{"line":55,"column":7}},"type":"binary-expr","locations":[{"start":{"line":39,"column":7},"end":{"line":39,"column":26}},{"start":{"line":40,"column":8},"end":{"line":54,"column":15}}],"line":39}},"s":{"0":5,"1":4,"2":5,"3":15,"4":5,"5":5},"f":{"0":4,"1":15},"b":{"0":[15,9]},"_coverageSchema":"1a1c01bbd47fc00a2c39e90264f33305004495a9","hash":"40553bc945dc9d8a4f67d0ceb2e87ee2a2994513"}
,"/home/bhavya/Documents/bootcamp-11/bc11-frontend/src/components/molecules/CollabCard/CollabCard.js": {"path":"/home/bhavya/Documents/bootcamp-11/bc11-frontend/src/components/molecules/CollabCard/CollabCard.js","statementMap":{"0":{"start":{"line":12,"column":18},"end":{"line":63,"column":2}},"1":{"start":{"line":66,"column":18},"end":{"line":66,"column":29}},"2":{"start":{"line":67,"column":40},"end":{"line":67,"column":54}},"3":{"start":{"line":68,"column":48},"end":{"line":68,"column":63}},"4":{"start":{"line":70,"column":27},"end":{"line":73,"column":3}},"5":{"start":{"line":71,"column":4},"end":{"line":71,"column":26}},"6":{"start":{"line":72,"column":4},"end":{"line":72,"column":29}},"7":{"start":{"line":74,"column":27},"end":{"line":77,"column":3}},"8":{"start":{"line":75,"column":4},"end":{"line":75,"column":25}},"9":{"start":{"line":76,"column":4},"end":{"line":76,"column":30}},"10":{"start":{"line":78,"column":24},"end":{"line":80,"column":3}},"11":{"start":{"line":79,"column":4},"end":{"line":79,"column":20}},"12":{"start":{"line":81,"column":16},"end":{"line":83,"column":8}},"13":{"start":{"line":84,"column":22},"end":{"line":84,"column":61}},"14":{"start":{"line":85,"column":2},"end":{"line":156,"column":4}}},"fnMap":{"0":{"name":"CollabCard","decl":{"start":{"line":65,"column":24},"end":{"line":65,"column":34}},"loc":{"start":{"line":65,"column":42},"end":{"line":157,"column":1}},"line":65},"1":{"name":"(anonymous_1)","decl":{"start":{"line":70,"column":27},"end":{"line":70,"column":28}},"loc":{"start":{"line":70,"column":33},"end":{"line":73,"column":3}},"line":70},"2":{"name":"(anonymous_2)","decl":{"start":{"line":74,"column":27},"end":{"line":74,"column":28}},"loc":{"start":{"line":74,"column":33},"end":{"line":77,"column":3}},"line":74},"3":{"name":"(anonymous_3)","decl":{"start":{"line":78,"column":24},"end":{"line":78,"column":25}},"loc":{"start":{"line":78,"column":30},"end":{"line":80,"column":3}},"line":78}},"branchMap":{"0":{"loc":{"start":{"line":81,"column":16},"end":{"line":83,"column":8}},"type":"cond-expr","locations":[{"start":{"line":82,"column":6},"end":{"line":82,"column":71}},{"start":{"line":83,"column":6},"end":{"line":83,"column":8}}],"line":81},"1":{"loc":{"start":{"line":84,"column":22},"end":{"line":84,"column":61}},"type":"cond-expr","locations":[{"start":{"line":84,"column":40},"end":{"line":84,"column":56}},{"start":{"line":84,"column":59},"end":{"line":84,"column":61}}],"line":84},"2":{"loc":{"start":{"line":93,"column":9},"end":{"line":104,"column":9}},"type":"binary-expr","locations":[{"start":{"line":93,"column":9},"end":{"line":93,"column":24}},{"start":{"line":94,"column":10},"end":{"line":103,"column":23}}],"line":93},"3":{"loc":{"start":{"line":122,"column":7},"end":{"line":135,"column":7}},"type":"binary-expr","locations":[{"start":{"line":122,"column":7},"end":{"line":122,"column":18}},{"start":{"line":123,"column":8},"end":{"line":134,"column":22}}],"line":122},"4":{"loc":{"start":{"line":137,"column":7},"end":{"line":154,"column":7}},"type":"binary-expr","locations":[{"start":{"line":137,"column":7},"end":{"line":137,"column":22}},{"start":{"line":138,"column":8},"end":{"line":153,"column":22}}],"line":137}},"s":{"0":6,"1":8,"2":8,"3":8,"4":8,"5":1,"6":1,"7":8,"8":1,"9":1,"10":8,"11":0,"12":8,"13":8,"14":8},"f":{"0":8,"1":1,"2":1,"3":0},"b":{"0":[2,6],"1":[2,6],"2":[8,2],"3":[8,6],"4":[8,2]},"_coverageSchema":"1a1c01bbd47fc00a2c39e90264f33305004495a9","hash":"0e99eaa485549554a7ede64b29cae50b8c3cd484"}
,"/home/bhavya/Documents/bootcamp-11/bc11-frontend/src/components/molecules/DataGrid/DataGrid.js": {"path":"/home/bhavya/Documents/bootcamp-11/bc11-frontend/src/components/molecules/DataGrid/DataGrid.js","statementMap":{"0":{"start":{"line":8,"column":2},"end":{"line":22,"column":4}}},"fnMap":{"0":{"name":"DataGrid","decl":{"start":{"line":7,"column":24},"end":{"line":7,"column":32}},"loc":{"start":{"line":7,"column":58},"end":{"line":23,"column":1}},"line":7}},"branchMap":{},"s":{"0":1},"f":{"0":1},"b":{},"_coverageSchema":"1a1c01bbd47fc00a2c39e90264f33305004495a9","hash":"da9ad5de2910dd922b0fb4ce75311661c56b0bc6"}
,"/home/bhavya/Documents/bootcamp-11/bc11-frontend/src/components/molecules/DeleteButton/DeleteButton.js": {"path":"/home/bhavya/Documents/bootcamp-11/bc11-frontend/src/components/molecules/DeleteButton/DeleteButton.js","statementMap":{"0":{"start":{"line":6,"column":18},"end":{"line":11,"column":3}},"1":{"start":{"line":6,"column":36},"end":{"line":11,"column":1}},"2":{"start":{"line":13,"column":21},"end":{"line":26,"column":1}},"3":{"start":{"line":14,"column":20},"end":{"line":14,"column":31}},"4":{"start":{"line":15,"column":18},"end":{"line":15,"column":28}},"5":{"start":{"line":16,"column":4},"end":{"line":25,"column":6}}},"fnMap":{"0":{"name":"(anonymous_0)","decl":{"start":{"line":6,"column":29},"end":{"line":6,"column":30}},"loc":{"start":{"line":6,"column":36},"end":{"line":11,"column":1}},"line":6},"1":{"name":"(anonymous_1)","decl":{"start":{"line":13,"column":21},"end":{"line":13,"column":22}},"loc":{"start":{"line":13,"column":45},"end":{"line":26,"column":1}},"line":13}},"branchMap":{},"s":{"0":1,"1":1,"2":1,"3":1,"4":1,"5":1},"f":{"0":1,"1":1},"b":{},"_coverageSchema":"1a1c01bbd47fc00a2c39e90264f33305004495a9","hash":"e439d0120591cccaed3947b999531c397765ad64"}
,"/home/bhavya/Documents/bootcamp-11/bc11-frontend/src/components/molecules/Department/DepartmentsAdd.js": {"path":"/home/bhavya/Documents/bootcamp-11/bc11-frontend/src/components/molecules/Department/DepartmentsAdd.js","statementMap":{"0":{"start":{"line":14,"column":18},"end":{"line":187,"column":2}},"1":{"start":{"line":196,"column":26},"end":{"line":196,"column":47}},"2":{"start":{"line":197,"column":26},"end":{"line":199,"column":3}},"3":{"start":{"line":198,"column":4},"end":{"line":198,"column":18}},"4":{"start":{"line":201,"column":22},"end":{"line":203,"column":3}},"5":{"start":{"line":202,"column":4},"end":{"line":202,"column":19}},"6":{"start":{"line":205,"column":16},"end":{"line":209,"column":3}},"7":{"start":{"line":210,"column":18},"end":{"line":210,"column":29}},"8":{"start":{"line":211,"column":30},"end":{"line":211,"column":45}},"9":{"start":{"line":212,"column":19},"end":{"line":212,"column":43}},"10":{"start":{"line":212,"column":25},"end":{"line":212,"column":43}},"11":{"start":{"line":214,"column":26},"end":{"line":216,"column":3}},"12":{"start":{"line":214,"column":37},"end":{"line":216,"column":3}},"13":{"start":{"line":215,"column":4},"end":{"line":215,"column":32}},"14":{"start":{"line":217,"column":19},"end":{"line":223,"column":3}},"15":{"start":{"line":218,"column":4},"end":{"line":222,"column":7}},"16":{"start":{"line":224,"column":2},"end":{"line":280,"column":4}},"17":{"start":{"line":246,"column":18},"end":{"line":248,"column":24}},"18":{"start":{"line":261,"column":10},"end":{"line":264,"column":16}}},"fnMap":{"0":{"name":"DepartmentsAdd","decl":{"start":{"line":189,"column":24},"end":{"line":189,"column":38}},"loc":{"start":{"line":195,"column":3},"end":{"line":281,"column":1}},"line":195},"1":{"name":"(anonymous_1)","decl":{"start":{"line":197,"column":26},"end":{"line":197,"column":27}},"loc":{"start":{"line":197,"column":32},"end":{"line":199,"column":3}},"line":197},"2":{"name":"(anonymous_2)","decl":{"start":{"line":201,"column":22},"end":{"line":201,"column":23}},"loc":{"start":{"line":201,"column":28},"end":{"line":203,"column":3}},"line":201},"3":{"name":"(anonymous_3)","decl":{"start":{"line":212,"column":19},"end":{"line":212,"column":20}},"loc":{"start":{"line":212,"column":25},"end":{"line":212,"column":43}},"line":212},"4":{"name":"(anonymous_4)","decl":{"start":{"line":214,"column":26},"end":{"line":214,"column":27}},"loc":{"start":{"line":214,"column":37},"end":{"line":216,"column":3}},"line":214},"5":{"name":"(anonymous_5)","decl":{"start":{"line":214,"column":37},"end":{"line":214,"column":38}},"loc":{"start":{"line":214,"column":43},"end":{"line":216,"column":3}},"line":214},"6":{"name":"(anonymous_6)","decl":{"start":{"line":217,"column":19},"end":{"line":217,"column":20}},"loc":{"start":{"line":217,"column":35},"end":{"line":223,"column":3}},"line":217},"7":{"name":"(anonymous_7)","decl":{"start":{"line":245,"column":27},"end":{"line":245,"column":28}},"loc":{"start":{"line":246,"column":18},"end":{"line":248,"column":24}},"line":246},"8":{"name":"(anonymous_8)","decl":{"start":{"line":260,"column":19},"end":{"line":260,"column":20}},"loc":{"start":{"line":261,"column":10},"end":{"line":264,"column":16}},"line":261}},"branchMap":{"0":{"loc":{"start":{"line":228,"column":11},"end":{"line":235,"column":18}},"type":"cond-expr","locations":[{"start":{"line":229,"column":12},"end":{"line":234,"column":18}},{"start":{"line":235,"column":14},"end":{"line":235,"column":18}}],"line":228},"1":{"loc":{"start":{"line":237,"column":9},"end":{"line":256,"column":9}},"type":"binary-expr","locations":[{"start":{"line":237,"column":9},"end":{"line":237,"column":15}},{"start":{"line":238,"column":10},"end":{"line":255,"column":16}}],"line":237},"2":{"loc":{"start":{"line":266,"column":9},"end":{"line":273,"column":9}},"type":"binary-expr","locations":[{"start":{"line":266,"column":9},"end":{"line":266,"column":32}},{"start":{"line":267,"column":10},"end":{"line":272,"column":16}}],"line":266}},"s":{"0":4,"1":50,"2":50,"3":0,"4":50,"5":1,"6":50,"7":50,"8":50,"9":50,"10":1,"11":50,"12":2,"13":0,"14":50,"15":1,"16":50,"17":2,"18":150},"f":{"0":50,"1":0,"2":1,"3":1,"4":2,"5":0,"6":1,"7":2,"8":150},"b":{"0":[20,30],"1":[50,2],"2":[50,3]},"_coverageSchema":"1a1c01bbd47fc00a2c39e90264f33305004495a9","hash":"5aa52d2935c290f3f5f851f234f285aadc0522a0"}
,"/home/bhavya/Documents/bootcamp-11/bc11-frontend/src/components/molecules/Dropdown/Dropdown.js": {"path":"/home/bhavya/Documents/bootcamp-11/bc11-frontend/src/components/molecules/Dropdown/Dropdown.js","statementMap":{"0":{"start":{"line":5,"column":15},"end":{"line":16,"column":2}},"1":{"start":{"line":5,"column":27},"end":{"line":16,"column":1}},"2":{"start":{"line":18,"column":17},"end":{"line":43,"column":1}},"3":{"start":{"line":19,"column":23},"end":{"line":21,"column":3}},"4":{"start":{"line":20,"column":4},"end":{"line":20,"column":37}},"5":{"start":{"line":22,"column":2},"end":{"line":42,"column":4}},"6":{"start":{"line":35,"column":12},"end":{"line":37,"column":23}},"7":{"start":{"line":45,"column":0},"end":{"line":58,"column":2}},"8":{"start":{"line":59,"column":0},"end":{"line":67,"column":2}}},"fnMap":{"0":{"name":"(anonymous_0)","decl":{"start":{"line":5,"column":15},"end":{"line":5,"column":16}},"loc":{"start":{"line":5,"column":27},"end":{"line":16,"column":1}},"line":5},"1":{"name":"(anonymous_1)","decl":{"start":{"line":18,"column":17},"end":{"line":18,"column":18}},"loc":{"start":{"line":18,"column":95},"end":{"line":43,"column":1}},"line":18},"2":{"name":"(anonymous_2)","decl":{"start":{"line":19,"column":23},"end":{"line":19,"column":24}},"loc":{"start":{"line":19,"column":34},"end":{"line":21,"column":3}},"line":19},"3":{"name":"(anonymous_3)","decl":{"start":{"line":34,"column":20},"end":{"line":34,"column":21}},"loc":{"start":{"line":35,"column":12},"end":{"line":37,"column":23}},"line":35}},"branchMap":{},"s":{"0":8,"1":8,"2":8,"3":40,"4":1,"5":40,"6":56,"7":8,"8":8},"f":{"0":8,"1":40,"2":1,"3":56},"b":{},"_coverageSchema":"1a1c01bbd47fc00a2c39e90264f33305004495a9","hash":"473477c9744af1bf582e33d8a82c35f754267522"}
,"/home/bhavya/Documents/bootcamp-11/bc11-frontend/src/components/molecules/GraphCard/GraphCard.js": {"path":"/home/bhavya/Documents/bootcamp-11/bc11-frontend/src/components/molecules/GraphCard/GraphCard.js","statementMap":{"0":{"start":{"line":7,"column":18},"end":{"line":41,"column":3}},"1":{"start":{"line":7,"column":41},"end":{"line":41,"column":1}},"2":{"start":{"line":42,"column":18},"end":{"line":96,"column":1}},"3":{"start":{"line":43,"column":18},"end":{"line":43,"column":29}},"4":{"start":{"line":44,"column":2},"end":{"line":95,"column":4}}},"fnMap":{"0":{"name":"(anonymous_0)","decl":{"start":{"line":7,"column":29},"end":{"line":7,"column":30}},"loc":{"start":{"line":7,"column":41},"end":{"line":41,"column":1}},"line":7},"1":{"name":"(anonymous_1)","decl":{"start":{"line":42,"column":18},"end":{"line":42,"column":19}},"loc":{"start":{"line":42,"column":79},"end":{"line":96,"column":1}},"line":42}},"branchMap":{"0":{"loc":{"start":{"line":66,"column":9},"end":{"line":92,"column":9}},"type":"binary-expr","locations":[{"start":{"line":66,"column":9},"end":{"line":66,"column":26}},{"start":{"line":67,"column":10},"end":{"line":91,"column":17}}],"line":66},"1":{"loc":{"start":{"line":73,"column":20},"end":{"line":77,"column":53}},"type":"cond-expr","locations":[{"start":{"line":74,"column":24},"end":{"line":74,"column":51}},{"start":{"line":75,"column":24},"end":{"line":77,"column":53}}],"line":73},"2":{"loc":{"start":{"line":75,"column":24},"end":{"line":77,"column":53}},"type":"cond-expr","locations":[{"start":{"line":76,"column":24},"end":{"line":76,"column":55}},{"start":{"line":77,"column":24},"end":{"line":77,"column":53}}],"line":75},"3":{"loc":{"start":{"line":81,"column":20},"end":{"line":85,"column":53}},"type":"cond-expr","locations":[{"start":{"line":82,"column":24},"end":{"line":82,"column":51}},{"start":{"line":83,"column":24},"end":{"line":85,"column":53}}],"line":81},"4":{"loc":{"start":{"line":83,"column":24},"end":{"line":85,"column":53}},"type":"cond-expr","locations":[{"start":{"line":84,"column":24},"end":{"line":84,"column":55}},{"start":{"line":85,"column":24},"end":{"line":85,"column":53}}],"line":83}},"s":{"0":4,"1":4,"2":4,"3":17,"4":17},"f":{"0":4,"1":17},"b":{"0":[17,17],"1":[4,13],"2":[5,8],"3":[4,13],"4":[5,8]},"_coverageSchema":"1a1c01bbd47fc00a2c39e90264f33305004495a9","hash":"0623eec0756f58f21e5310fd6d3ed6c104faa299"}
,"/home/bhavya/Documents/bootcamp-11/bc11-frontend/src/components/molecules/SideNavigationBar/SideNavigationBar.js": {"path":"/home/bhavya/Documents/bootcamp-11/bc11-frontend/src/components/molecules/SideNavigationBar/SideNavigationBar.js","statementMap":{"0":{"start":{"line":8,"column":15},"end":{"line":40,"column":2}},"1":{"start":{"line":8,"column":27},"end":{"line":40,"column":1}},"2":{"start":{"line":42,"column":26},"end":{"line":79,"column":1}},"3":{"start":{"line":43,"column":19},"end":{"line":43,"column":54}},"4":{"start":{"line":45,"column":50},"end":{"line":45,"column":61}},"5":{"start":{"line":47,"column":24},"end":{"line":52,"column":3}},"6":{"start":{"line":47,"column":43},"end":{"line":52,"column":3}},"7":{"start":{"line":48,"column":4},"end":{"line":51,"column":5}},"8":{"start":{"line":49,"column":6},"end":{"line":49,"column":33}},"9":{"start":{"line":50,"column":6},"end":{"line":50,"column":16}},"10":{"start":{"line":54,"column":2},"end":{"line":78,"column":4}},"11":{"start":{"line":61,"column":8},"end":{"line":75,"column":15}},"12":{"start":{"line":81,"column":0},"end":{"line":84,"column":2}},"13":{"start":{"line":85,"column":0},"end":{"line":88,"column":2}}},"fnMap":{"0":{"name":"(anonymous_0)","decl":{"start":{"line":8,"column":15},"end":{"line":8,"column":16}},"loc":{"start":{"line":8,"column":27},"end":{"line":40,"column":1}},"line":8},"1":{"name":"(anonymous_1)","decl":{"start":{"line":42,"column":26},"end":{"line":42,"column":27}},"loc":{"start":{"line":42,"column":60},"end":{"line":79,"column":1}},"line":42},"2":{"name":"(anonymous_2)","decl":{"start":{"line":47,"column":24},"end":{"line":47,"column":25}},"loc":{"start":{"line":47,"column":43},"end":{"line":52,"column":3}},"line":47},"3":{"name":"(anonymous_3)","decl":{"start":{"line":47,"column":43},"end":{"line":47,"column":44}},"loc":{"start":{"line":47,"column":49},"end":{"line":52,"column":3}},"line":47},"4":{"name":"(anonymous_4)","decl":{"start":{"line":60,"column":20},"end":{"line":60,"column":21}},"loc":{"start":{"line":61,"column":8},"end":{"line":75,"column":15}},"line":61}},"branchMap":{"0":{"loc":{"start":{"line":48,"column":4},"end":{"line":51,"column":5}},"type":"if","locations":[{"start":{"line":48,"column":4},"end":{"line":51,"column":5}},{"start":{"line":48,"column":4},"end":{"line":51,"column":5}}],"line":48},"1":{"loc":{"start":{"line":66,"column":12},"end":{"line":66,"column":60}},"type":"binary-expr","locations":[{"start":{"line":66,"column":12},"end":{"line":66,"column":38}},{"start":{"line":66,"column":42},"end":{"line":66,"column":60}}],"line":66}},"s":{"0":5,"1":5,"2":5,"3":38,"4":38,"5":38,"6":152,"7":2,"8":1,"9":1,"10":38,"11":152,"12":5,"13":5},"f":{"0":5,"1":38,"2":152,"3":2,"4":152},"b":{"0":[1,1],"1":[152,38]},"_coverageSchema":"1a1c01bbd47fc00a2c39e90264f33305004495a9","hash":"b4fdc08a22539a982350fe1ade3bab8fa9f5e739"}
,"/home/bhavya/Documents/bootcamp-11/bc11-frontend/src/components/organisms/AccessGrid/AccessGrid.js": {"path":"/home/bhavya/Documents/bootcamp-11/bc11-frontend/src/components/organisms/AccessGrid/AccessGrid.js","statementMap":{"0":{"start":{"line":19,"column":15},"end":{"line":34,"column":2}},"1":{"start":{"line":19,"column":22},"end":{"line":34,"column":1}},"2":{"start":{"line":36,"column":19},"end":{"line":263,"column":1}},"3":{"start":{"line":46,"column":32},"end":{"line":46,"column":46}},"4":{"start":{"line":47,"column":44},"end":{"line":47,"column":58}},"5":{"start":{"line":48,"column":26},"end":{"line":48,"column":38}},"6":{"start":{"line":50,"column":21},"end":{"line":50,"column":44}},"7":{"start":{"line":52,"column":22},"end":{"line":55,"column":3}},"8":{"start":{"line":53,"column":4},"end":{"line":53,"column":27}},"9":{"start":{"line":54,"column":4},"end":{"line":54,"column":39}},"10":{"start":{"line":57,"column":23},"end":{"line":86,"column":3}},"11":{"start":{"line":58,"column":19},"end":{"line":58,"column":68}},"12":{"start":{"line":60,"column":4},"end":{"line":60,"column":68}},"13":{"start":{"line":61,"column":4},"end":{"line":61,"column":72}},"14":{"start":{"line":63,"column":22},"end":{"line":67,"column":5}},"15":{"start":{"line":69,"column":4},"end":{"line":85,"column":5}},"16":{"start":{"line":70,"column":6},"end":{"line":70,"column":61}},"17":{"start":{"line":72,"column":22},"end":{"line":75,"column":8}},"18":{"start":{"line":77,"column":6},"end":{"line":79,"column":39}},"19":{"start":{"line":78,"column":31},"end":{"line":78,"column":79}},"20":{"start":{"line":79,"column":22},"end":{"line":79,"column":37}},"21":{"start":{"line":80,"column":6},"end":{"line":80,"column":40}},"22":{"start":{"line":82,"column":6},"end":{"line":82,"column":59}},"23":{"start":{"line":84,"column":6},"end":{"line":84,"column":68}},"24":{"start":{"line":88,"column":26},"end":{"line":97,"column":3}},"25":{"start":{"line":89,"column":24},"end":{"line":89,"column":32}},"26":{"start":{"line":90,"column":22},"end":{"line":90,"column":35}},"27":{"start":{"line":91,"column":4},"end":{"line":91,"column":45}},"28":{"start":{"line":92,"column":22},"end":{"line":92,"column":38}},"29":{"start":{"line":93,"column":4},"end":{"line":93,"column":45}},"30":{"start":{"line":94,"column":4},"end":{"line":94,"column":29}},"31":{"start":{"line":95,"column":4},"end":{"line":95,"column":23}},"32":{"start":{"line":96,"column":4},"end":{"line":96,"column":46}},"33":{"start":{"line":99,"column":27},"end":{"line":105,"column":3}},"34":{"start":{"line":100,"column":4},"end":{"line":104,"column":6}},"35":{"start":{"line":102,"column":47},"end":{"line":102,"column":73}},"36":{"start":{"line":107,"column":25},"end":{"line":115,"column":3}},"37":{"start":{"line":108,"column":17},"end":{"line":108,"column":35}},"38":{"start":{"line":109,"column":4},"end":{"line":114,"column":6}},"39":{"start":{"line":111,"column":46},"end":{"line":111,"column":69}},"40":{"start":{"line":117,"column":30},"end":{"line":128,"column":27}},"41":{"start":{"line":118,"column":4},"end":{"line":127,"column":5}},"42":{"start":{"line":119,"column":21},"end":{"line":122,"column":8}},"43":{"start":{"line":123,"column":30},"end":{"line":123,"column":82}},"44":{"start":{"line":124,"column":6},"end":{"line":124,"column":36}},"45":{"start":{"line":126,"column":6},"end":{"line":126,"column":66}},"46":{"start":{"line":130,"column":2},"end":{"line":132,"column":28}},"47":{"start":{"line":131,"column":4},"end":{"line":131,"column":26}},"48":{"start":{"line":134,"column":2},"end":{"line":136,"column":13}},"49":{"start":{"line":135,"column":4},"end":{"line":135,"column":28}},"50":{"start":{"line":138,"column":2},"end":{"line":144,"column":20}},"51":{"start":{"line":139,"column":4},"end":{"line":143,"column":7}},"52":{"start":{"line":140,"column":23},"end":{"line":140,"column":37}},"53":{"start":{"line":141,"column":6},"end":{"line":141,"column":36}},"54":{"start":{"line":142,"column":6},"end":{"line":142,"column":22}},"55":{"start":{"line":146,"column":35},"end":{"line":153,"column":3}},"56":{"start":{"line":147,"column":21},"end":{"line":147,"column":53}},"57":{"start":{"line":148,"column":4},"end":{"line":152,"column":7}},"58":{"start":{"line":149,"column":23},"end":{"line":149,"column":38}},"59":{"start":{"line":150,"column":6},"end":{"line":150,"column":33}},"60":{"start":{"line":151,"column":6},"end":{"line":151,"column":22}},"61":{"start":{"line":156,"column":20},"end":{"line":156,"column":28}},"62":{"start":{"line":157,"column":4},"end":{"line":159,"column":5}},"63":{"start":{"line":157,"column":38},"end":{"line":157,"column":66}},"64":{"start":{"line":158,"column":6},"end":{"line":158,"column":23}},"65":{"start":{"line":160,"column":4},"end":{"line":160,"column":21}},"66":{"start":{"line":163,"column":27},"end":{"line":166,"column":3}},"67":{"start":{"line":164,"column":21},"end":{"line":164,"column":42}},"68":{"start":{"line":165,"column":4},"end":{"line":165,"column":28}},"69":{"start":{"line":168,"column":35},"end":{"line":172,"column":3}},"70":{"start":{"line":169,"column":4},"end":{"line":171,"column":5}},"71":{"start":{"line":170,"column":6},"end":{"line":170,"column":35}},"72":{"start":{"line":174,"column":2},"end":{"line":262,"column":4}},"73":{"start":{"line":191,"column":30},"end":{"line":191,"column":32}},"74":{"start":{"line":196,"column":12},"end":{"line":196,"column":35}},"75":{"start":{"line":199,"column":12},"end":{"line":199,"column":35}},"76":{"start":{"line":265,"column":0},"end":{"line":270,"column":2}},"77":{"start":{"line":271,"column":0},"end":{"line":275,"column":2}}},"fnMap":{"0":{"name":"(anonymous_0)","decl":{"start":{"line":19,"column":15},"end":{"line":19,"column":16}},"loc":{"start":{"line":19,"column":22},"end":{"line":34,"column":1}},"line":19},"1":{"name":"(anonymous_1)","decl":{"start":{"line":36,"column":19},"end":{"line":36,"column":20}},"loc":{"start":{"line":45,"column":6},"end":{"line":263,"column":1}},"line":45},"2":{"name":"(anonymous_2)","decl":{"start":{"line":52,"column":22},"end":{"line":52,"column":23}},"loc":{"start":{"line":52,"column":34},"end":{"line":55,"column":3}},"line":52},"3":{"name":"(anonymous_3)","decl":{"start":{"line":57,"column":23},"end":{"line":57,"column":24}},"loc":{"start":{"line":57,"column":55},"end":{"line":86,"column":3}},"line":57},"4":{"name":"(anonymous_4)","decl":{"start":{"line":78,"column":16},"end":{"line":78,"column":17}},"loc":{"start":{"line":78,"column":31},"end":{"line":78,"column":79}},"line":78},"5":{"name":"(anonymous_5)","decl":{"start":{"line":79,"column":13},"end":{"line":79,"column":14}},"loc":{"start":{"line":79,"column":22},"end":{"line":79,"column":37}},"line":79},"6":{"name":"(anonymous_6)","decl":{"start":{"line":88,"column":26},"end":{"line":88,"column":27}},"loc":{"start":{"line":88,"column":41},"end":{"line":97,"column":3}},"line":88},"7":{"name":"(anonymous_7)","decl":{"start":{"line":99,"column":27},"end":{"line":99,"column":28}},"loc":{"start":{"line":99,"column":39},"end":{"line":105,"column":3}},"line":99},"8":{"name":"(anonymous_8)","decl":{"start":{"line":102,"column":40},"end":{"line":102,"column":41}},"loc":{"start":{"line":102,"column":47},"end":{"line":102,"column":73}},"line":102},"9":{"name":"(anonymous_9)","decl":{"start":{"line":107,"column":25},"end":{"line":107,"column":26}},"loc":{"start":{"line":107,"column":37},"end":{"line":115,"column":3}},"line":107},"10":{"name":"(anonymous_10)","decl":{"start":{"line":111,"column":40},"end":{"line":111,"column":41}},"loc":{"start":{"line":111,"column":46},"end":{"line":111,"column":69}},"line":111},"11":{"name":"(anonymous_11)","decl":{"start":{"line":117,"column":42},"end":{"line":117,"column":43}},"loc":{"start":{"line":117,"column":54},"end":{"line":128,"column":3}},"line":117},"12":{"name":"(anonymous_12)","decl":{"start":{"line":130,"column":12},"end":{"line":130,"column":13}},"loc":{"start":{"line":130,"column":18},"end":{"line":132,"column":3}},"line":130},"13":{"name":"(anonymous_13)","decl":{"start":{"line":134,"column":12},"end":{"line":134,"column":13}},"loc":{"start":{"line":134,"column":18},"end":{"line":136,"column":3}},"line":134},"14":{"name":"(anonymous_14)","decl":{"start":{"line":138,"column":12},"end":{"line":138,"column":13}},"loc":{"start":{"line":138,"column":18},"end":{"line":144,"column":3}},"line":138},"15":{"name":"(anonymous_15)","decl":{"start":{"line":139,"column":17},"end":{"line":139,"column":18}},"loc":{"start":{"line":139,"column":32},"end":{"line":143,"column":5}},"line":139},"16":{"name":"(anonymous_16)","decl":{"start":{"line":146,"column":35},"end":{"line":146,"column":36}},"loc":{"start":{"line":146,"column":41},"end":{"line":153,"column":3}},"line":146},"17":{"name":"(anonymous_17)","decl":{"start":{"line":148,"column":20},"end":{"line":148,"column":21}},"loc":{"start":{"line":148,"column":36},"end":{"line":152,"column":5}},"line":148},"18":{"name":"createNewTrustGroup","decl":{"start":{"line":155,"column":11},"end":{"line":155,"column":30}},"loc":{"start":{"line":155,"column":33},"end":{"line":161,"column":3}},"line":155},"19":{"name":"(anonymous_19)","decl":{"start":{"line":157,"column":28},"end":{"line":157,"column":29}},"loc":{"start":{"line":157,"column":38},"end":{"line":157,"column":66}},"line":157},"20":{"name":"(anonymous_20)","decl":{"start":{"line":163,"column":27},"end":{"line":163,"column":28}},"loc":{"start":{"line":163,"column":33},"end":{"line":166,"column":3}},"line":163},"21":{"name":"(anonymous_21)","decl":{"start":{"line":168,"column":35},"end":{"line":168,"column":36}},"loc":{"start":{"line":168,"column":46},"end":{"line":172,"column":3}},"line":168},"22":{"name":"(anonymous_22)","decl":{"start":{"line":191,"column":24},"end":{"line":191,"column":25}},"loc":{"start":{"line":191,"column":30},"end":{"line":191,"column":32}},"line":191},"23":{"name":"(anonymous_23)","decl":{"start":{"line":195,"column":25},"end":{"line":195,"column":26}},"loc":{"start":{"line":195,"column":31},"end":{"line":197,"column":11}},"line":195},"24":{"name":"(anonymous_24)","decl":{"start":{"line":198,"column":24},"end":{"line":198,"column":25}},"loc":{"start":{"line":198,"column":30},"end":{"line":200,"column":11}},"line":198},"25":{"name":"(anonymous_25)","decl":{"start":{"line":272,"column":19},"end":{"line":272,"column":20}},"loc":{"start":{"line":272,"column":25},"end":{"line":272,"column":27}},"line":272},"26":{"name":"(anonymous_26)","decl":{"start":{"line":273,"column":16},"end":{"line":273,"column":17}},"loc":{"start":{"line":273,"column":22},"end":{"line":273,"column":24}},"line":273}},"branchMap":{"0":{"loc":{"start":{"line":169,"column":4},"end":{"line":171,"column":5}},"type":"if","locations":[{"start":{"line":169,"column":4},"end":{"line":171,"column":5}},{"start":{"line":169,"column":4},"end":{"line":171,"column":5}}],"line":169},"1":{"loc":{"start":{"line":178,"column":18},"end":{"line":178,"column":59}},"type":"cond-expr","locations":[{"start":{"line":178,"column":39},"end":{"line":178,"column":49}},{"start":{"line":178,"column":52},"end":{"line":178,"column":59}}],"line":178}},"s":{"0":3,"1":2,"2":3,"3":47,"4":47,"5":47,"6":47,"7":47,"8":1,"9":1,"10":47,"11":0,"12":0,"13":0,"14":0,"15":0,"16":0,"17":0,"18":0,"19":0,"20":0,"21":0,"22":0,"23":0,"24":47,"25":0,"26":0,"27":0,"28":0,"29":0,"30":0,"31":0,"32":0,"33":47,"34":0,"35":0,"36":47,"37":0,"38":0,"39":0,"40":47,"41":15,"42":15,"43":13,"44":4,"45":9,"46":47,"47":15,"48":47,"49":10,"50":47,"51":10,"52":8,"53":8,"54":8,"55":47,"56":0,"57":0,"58":0,"59":0,"60":0,"61":0,"62":0,"63":0,"64":0,"65":0,"66":47,"67":0,"68":0,"69":47,"70":0,"71":0,"72":47,"73":1,"74":0,"75":0,"76":3,"77":3},"f":{"0":2,"1":47,"2":1,"3":0,"4":0,"5":0,"6":0,"7":0,"8":0,"9":0,"10":0,"11":15,"12":15,"13":10,"14":10,"15":8,"16":0,"17":0,"18":0,"19":0,"20":0,"21":0,"22":1,"23":0,"24":0,"25":0,"26":0},"b":{"0":[0,0],"1":[0,47]},"_coverageSchema":"1a1c01bbd47fc00a2c39e90264f33305004495a9","hash":"46dcf3134a79df8b3b5c9a235ae6387abdca55ea"}
,"/home/bhavya/Documents/bootcamp-11/bc11-frontend/src/components/organisms/ChipDropdown/ChipDropdown.js": {"path":"/home/bhavya/Documents/bootcamp-11/bc11-frontend/src/components/organisms/ChipDropdown/ChipDropdown.js","statementMap":{"0":{"start":{"line":9,"column":15},"end":{"line":36,"column":2}},"1":{"start":{"line":9,"column":22},"end":{"line":36,"column":1}},"2":{"start":{"line":38,"column":21},"end":{"line":102,"column":1}},"3":{"start":{"line":50,"column":30},"end":{"line":50,"column":48}},"4":{"start":{"line":51,"column":28},"end":{"line":51,"column":51}},"5":{"start":{"line":53,"column":23},"end":{"line":55,"column":3}},"6":{"start":{"line":54,"column":4},"end":{"line":54,"column":23}},"7":{"start":{"line":57,"column":31},"end":{"line":64,"column":3}},"8":{"start":{"line":58,"column":15},"end":{"line":62,"column":5}},"9":{"start":{"line":59,"column":6},"end":{"line":59,"column":39}},"10":{"start":{"line":60,"column":6},"end":{"line":60,"column":45}},"11":{"start":{"line":61,"column":6},"end":{"line":61,"column":21}},"12":{"start":{"line":65,"column":2},"end":{"line":101,"column":4}},"13":{"start":{"line":67,"column":61},"end":{"line":67,"column":77}},"14":{"start":{"line":82,"column":12},"end":{"line":96,"column":18}},"15":{"start":{"line":104,"column":0},"end":{"line":107,"column":2}},"16":{"start":{"line":108,"column":0},"end":{"line":115,"column":2}}},"fnMap":{"0":{"name":"(anonymous_0)","decl":{"start":{"line":9,"column":15},"end":{"line":9,"column":16}},"loc":{"start":{"line":9,"column":22},"end":{"line":36,"column":1}},"line":9},"1":{"name":"(anonymous_1)","decl":{"start":{"line":38,"column":21},"end":{"line":38,"column":22}},"loc":{"start":{"line":49,"column":6},"end":{"line":102,"column":1}},"line":49},"2":{"name":"(anonymous_2)","decl":{"start":{"line":53,"column":23},"end":{"line":53,"column":24}},"loc":{"start":{"line":53,"column":29},"end":{"line":55,"column":3}},"line":53},"3":{"name":"(anonymous_3)","decl":{"start":{"line":58,"column":4},"end":{"line":58,"column":5}},"loc":{"start":{"line":58,"column":15},"end":{"line":62,"column":5}},"line":58},"4":{"name":"(anonymous_4)","decl":{"start":{"line":58,"column":15},"end":{"line":58,"column":16}},"loc":{"start":{"line":58,"column":21},"end":{"line":62,"column":5}},"line":58},"5":{"name":"(anonymous_5)","decl":{"start":{"line":67,"column":55},"end":{"line":67,"column":56}},"loc":{"start":{"line":67,"column":61},"end":{"line":67,"column":77}},"line":67},"6":{"name":"(anonymous_6)","decl":{"start":{"line":81,"column":21},"end":{"line":81,"column":22}},"loc":{"start":{"line":82,"column":12},"end":{"line":96,"column":18}},"line":82}},"branchMap":{"0":{"loc":{"start":{"line":68,"column":9},"end":{"line":76,"column":9}},"type":"cond-expr","locations":[{"start":{"line":69,"column":10},"end":{"line":73,"column":12}},{"start":{"line":75,"column":10},"end":{"line":75,"column":77}}],"line":68},"1":{"loc":{"start":{"line":71,"column":29},"end":{"line":71,"column":96}},"type":"binary-expr","locations":[{"start":{"line":71,"column":29},"end":{"line":71,"column":53}},{"start":{"line":71,"column":57},"end":{"line":71,"column":83}},{"start":{"line":71,"column":87},"end":{"line":71,"column":96}}],"line":71},"2":{"loc":{"start":{"line":79,"column":7},"end":{"line":99,"column":7}},"type":"binary-expr","locations":[{"start":{"line":79,"column":7},"end":{"line":79,"column":13}},{"start":{"line":80,"column":8},"end":{"line":98,"column":14}}],"line":79},"3":{"loc":{"start":{"line":90,"column":18},"end":{"line":92,"column":27}},"type":"binary-expr","locations":[{"start":{"line":90,"column":18},"end":{"line":90,"column":52}},{"start":{"line":91,"column":18},"end":{"line":91,"column":54}},{"start":{"line":92,"column":18},"end":{"line":92,"column":27}}],"line":90}},"s":{"0":6,"1":1,"2":6,"3":5,"4":5,"5":5,"6":1,"7":5,"8":0,"9":0,"10":0,"11":0,"12":5,"13":1,"14":0,"15":6,"16":6},"f":{"0":1,"1":5,"2":1,"3":0,"4":0,"5":1,"6":0},"b":{"0":[0,5],"1":[0,0,0],"2":[5,1],"3":[0,0,0]},"_coverageSchema":"1a1c01bbd47fc00a2c39e90264f33305004495a9","hash":"1d6d3e171167d76f2bd7dbb75faf7abd94fec7f7"}
,"/home/bhavya/Documents/bootcamp-11/bc11-frontend/src/components/organisms/CollabModal/CollabModal.js": {"path":"/home/bhavya/Documents/bootcamp-11/bc11-frontend/src/components/organisms/CollabModal/CollabModal.js","statementMap":{"0":{"start":{"line":6,"column":26},"end":{"line":6,"column":47}},"1":{"start":{"line":8,"column":26},"end":{"line":10,"column":3}},"2":{"start":{"line":9,"column":4},"end":{"line":9,"column":18}},"3":{"start":{"line":11,"column":22},"end":{"line":13,"column":3}},"4":{"start":{"line":12,"column":4},"end":{"line":12,"column":19}},"5":{"start":{"line":14,"column":22},"end":{"line":16,"column":3}},"6":{"start":{"line":15,"column":4},"end":{"line":15,"column":20}},"7":{"start":{"line":17,"column":2},"end":{"line":27,"column":4}}},"fnMap":{"0":{"name":"CollabModal","decl":{"start":{"line":5,"column":24},"end":{"line":5,"column":35}},"loc":{"start":{"line":5,"column":43},"end":{"line":28,"column":1}},"line":5},"1":{"name":"(anonymous_1)","decl":{"start":{"line":8,"column":26},"end":{"line":8,"column":27}},"loc":{"start":{"line":8,"column":32},"end":{"line":10,"column":3}},"line":8},"2":{"name":"(anonymous_2)","decl":{"start":{"line":11,"column":22},"end":{"line":11,"column":23}},"loc":{"start":{"line":11,"column":28},"end":{"line":13,"column":3}},"line":11},"3":{"name":"(anonymous_3)","decl":{"start":{"line":14,"column":22},"end":{"line":14,"column":23}},"loc":{"start":{"line":14,"column":26},"end":{"line":16,"column":3}},"line":14}},"branchMap":{},"s":{"0":8,"1":8,"2":1,"3":8,"4":1,"5":8,"6":1,"7":8},"f":{"0":8,"1":1,"2":1,"3":1},"b":{},"_coverageSchema":"1a1c01bbd47fc00a2c39e90264f33305004495a9","hash":"8d66671e26818ed5f229e645478ec75359c47c06"}
,"/home/bhavya/Documents/bootcamp-11/bc11-frontend/src/components/organisms/DomainGrid/DomainGrid.js": {"path":"/home/bhavya/Documents/bootcamp-11/bc11-frontend/src/components/organisms/DomainGrid/DomainGrid.js","statementMap":{"0":{"start":{"line":16,"column":15},"end":{"line":45,"column":2}},"1":{"start":{"line":16,"column":22},"end":{"line":45,"column":1}},"2":{"start":{"line":47,"column":19},"end":{"line":307,"column":1}},"3":{"start":{"line":59,"column":32},"end":{"line":59,"column":46}},"4":{"start":{"line":60,"column":44},"end":{"line":60,"column":58}},"5":{"start":{"line":61,"column":38},"end":{"line":61,"column":50}},"6":{"start":{"line":63,"column":22},"end":{"line":66,"column":3}},"7":{"start":{"line":64,"column":4},"end":{"line":64,"column":27}},"8":{"start":{"line":65,"column":4},"end":{"line":65,"column":39}},"9":{"start":{"line":68,"column":23},"end":{"line":74,"column":3}},"10":{"start":{"line":69,"column":4},"end":{"line":73,"column":6}},"11":{"start":{"line":76,"column":28},"end":{"line":96,"column":3}},"12":{"start":{"line":77,"column":20},"end":{"line":77,"column":24}},"13":{"start":{"line":78,"column":4},"end":{"line":95,"column":6}},"14":{"start":{"line":98,"column":32},"end":{"line":129,"column":4}},"15":{"start":{"line":99,"column":44},"end":{"line":99,"column":59}},"16":{"start":{"line":100,"column":29},"end":{"line":109,"column":5}},"17":{"start":{"line":101,"column":6},"end":{"line":103,"column":7}},"18":{"start":{"line":102,"column":8},"end":{"line":102,"column":48}},"19":{"start":{"line":104,"column":6},"end":{"line":108,"column":9}},"20":{"start":{"line":111,"column":4},"end":{"line":118,"column":8}},"21":{"start":{"line":111,"column":36},"end":{"line":118,"column":5}},"22":{"start":{"line":113,"column":8},"end":{"line":113,"column":28}},"23":{"start":{"line":116,"column":8},"end":{"line":116,"column":20}},"24":{"start":{"line":120,"column":4},"end":{"line":128,"column":6}},"25":{"start":{"line":131,"column":23},"end":{"line":136,"column":3}},"26":{"start":{"line":132,"column":4},"end":{"line":134,"column":5}},"27":{"start":{"line":133,"column":6},"end":{"line":133,"column":16}},"28":{"start":{"line":135,"column":4},"end":{"line":135,"column":14}},"29":{"start":{"line":139,"column":20},"end":{"line":148,"column":5}},"30":{"start":{"line":149,"column":4},"end":{"line":149,"column":19}},"31":{"start":{"line":152,"column":23},"end":{"line":162,"column":3}},"32":{"start":{"line":153,"column":4},"end":{"line":161,"column":5}},"33":{"start":{"line":154,"column":21},"end":{"line":154,"column":61}},"34":{"start":{"line":155,"column":6},"end":{"line":157,"column":9}},"35":{"start":{"line":158,"column":6},"end":{"line":158,"column":51}},"36":{"start":{"line":158,"column":28},"end":{"line":158,"column":49}},"37":{"start":{"line":160,"column":6},"end":{"line":160,"column":54}},"38":{"start":{"line":163,"column":19},"end":{"line":166,"column":3}},"39":{"start":{"line":164,"column":21},"end":{"line":164,"column":39}},"40":{"start":{"line":165,"column":4},"end":{"line":165,"column":27}},"41":{"start":{"line":168,"column":2},"end":{"line":174,"column":20}},"42":{"start":{"line":169,"column":4},"end":{"line":173,"column":7}},"43":{"start":{"line":170,"column":23},"end":{"line":170,"column":37}},"44":{"start":{"line":171,"column":6},"end":{"line":171,"column":36}},"45":{"start":{"line":172,"column":6},"end":{"line":172,"column":22}},"46":{"start":{"line":177,"column":29},"end":{"line":184,"column":3}},"47":{"start":{"line":178,"column":21},"end":{"line":178,"column":53}},"48":{"start":{"line":179,"column":4},"end":{"line":183,"column":7}},"49":{"start":{"line":180,"column":23},"end":{"line":180,"column":38}},"50":{"start":{"line":181,"column":6},"end":{"line":181,"column":33}},"51":{"start":{"line":182,"column":6},"end":{"line":182,"column":22}},"52":{"start":{"line":186,"column":27},"end":{"line":212,"column":3}},"53":{"start":{"line":187,"column":4},"end":{"line":211,"column":5}},"54":{"start":{"line":188,"column":21},"end":{"line":193,"column":7}},"55":{"start":{"line":194,"column":24},"end":{"line":199,"column":7}},"56":{"start":{"line":200,"column":6},"end":{"line":210,"column":7}},"57":{"start":{"line":201,"column":8},"end":{"line":201,"column":59}},"58":{"start":{"line":202,"column":20},"end":{"line":202,"column":72}},"59":{"start":{"line":203,"column":8},"end":{"line":203,"column":50}},"60":{"start":{"line":204,"column":27},"end":{"line":204,"column":68}},"61":{"start":{"line":205,"column":8},"end":{"line":205,"column":39}},"62":{"start":{"line":206,"column":8},"end":{"line":206,"column":39}},"63":{"start":{"line":206,"column":22},"end":{"line":206,"column":37}},"64":{"start":{"line":207,"column":8},"end":{"line":207,"column":28}},"65":{"start":{"line":209,"column":8},"end":{"line":209,"column":53}},"66":{"start":{"line":214,"column":35},"end":{"line":229,"column":3}},"67":{"start":{"line":215,"column":4},"end":{"line":220,"column":5}},"68":{"start":{"line":216,"column":17},"end":{"line":216,"column":42}},"69":{"start":{"line":217,"column":6},"end":{"line":219,"column":7}},"70":{"start":{"line":218,"column":6},"end":{"line":218,"column":57}},"71":{"start":{"line":221,"column":4},"end":{"line":223,"column":5}},"72":{"start":{"line":222,"column":4},"end":{"line":222,"column":55}},"73":{"start":{"line":224,"column":4},"end":{"line":228,"column":5}},"74":{"start":{"line":225,"column":6},"end":{"line":225,"column":25}},"75":{"start":{"line":227,"column":6},"end":{"line":227,"column":30}},"76":{"start":{"line":231,"column":21},"end":{"line":231,"column":69}},"77":{"start":{"line":233,"column":2},"end":{"line":306,"column":4}},"78":{"start":{"line":264,"column":12},"end":{"line":264,"column":35}},"79":{"start":{"line":309,"column":0},"end":{"line":309,"column":26}},"80":{"start":{"line":310,"column":0},"end":{"line":310,"column":53}}},"fnMap":{"0":{"name":"(anonymous_0)","decl":{"start":{"line":16,"column":15},"end":{"line":16,"column":16}},"loc":{"start":{"line":16,"column":22},"end":{"line":45,"column":1}},"line":16},"1":{"name":"(anonymous_1)","decl":{"start":{"line":47,"column":19},"end":{"line":47,"column":20}},"loc":{"start":{"line":58,"column":6},"end":{"line":307,"column":1}},"line":58},"2":{"name":"(anonymous_2)","decl":{"start":{"line":63,"column":22},"end":{"line":63,"column":23}},"loc":{"start":{"line":63,"column":34},"end":{"line":66,"column":3}},"line":63},"3":{"name":"(anonymous_3)","decl":{"start":{"line":68,"column":23},"end":{"line":68,"column":24}},"loc":{"start":{"line":68,"column":38},"end":{"line":74,"column":3}},"line":68},"4":{"name":"(anonymous_4)","decl":{"start":{"line":76,"column":28},"end":{"line":76,"column":29}},"loc":{"start":{"line":76,"column":42},"end":{"line":96,"column":3}},"line":76},"5":{"name":"(anonymous_5)","decl":{"start":{"line":98,"column":49},"end":{"line":98,"column":50}},"loc":{"start":{"line":98,"column":86},"end":{"line":129,"column":3}},"line":98},"6":{"name":"(anonymous_6)","decl":{"start":{"line":100,"column":29},"end":{"line":100,"column":30}},"loc":{"start":{"line":100,"column":47},"end":{"line":109,"column":5}},"line":100},"7":{"name":"(anonymous_7)","decl":{"start":{"line":111,"column":29},"end":{"line":111,"column":30}},"loc":{"start":{"line":111,"column":36},"end":{"line":118,"column":5}},"line":111},"8":{"name":"(anonymous_8)","decl":{"start":{"line":112,"column":16},"end":{"line":112,"column":17}},"loc":{"start":{"line":112,"column":22},"end":{"line":114,"column":7}},"line":112},"9":{"name":"(anonymous_9)","decl":{"start":{"line":115,"column":15},"end":{"line":115,"column":16}},"loc":{"start":{"line":115,"column":21},"end":{"line":117,"column":7}},"line":115},"10":{"name":"(anonymous_10)","decl":{"start":{"line":131,"column":23},"end":{"line":131,"column":24}},"loc":{"start":{"line":131,"column":35},"end":{"line":136,"column":3}},"line":131},"11":{"name":"createNewRowData","decl":{"start":{"line":138,"column":11},"end":{"line":138,"column":27}},"loc":{"start":{"line":138,"column":30},"end":{"line":150,"column":3}},"line":138},"12":{"name":"(anonymous_12)","decl":{"start":{"line":152,"column":23},"end":{"line":152,"column":24}},"loc":{"start":{"line":152,"column":41},"end":{"line":162,"column":3}},"line":152},"13":{"name":"(anonymous_13)","decl":{"start":{"line":158,"column":14},"end":{"line":158,"column":15}},"loc":{"start":{"line":158,"column":28},"end":{"line":158,"column":49}},"line":158},"14":{"name":"(anonymous_14)","decl":{"start":{"line":163,"column":19},"end":{"line":163,"column":20}},"loc":{"start":{"line":163,"column":25},"end":{"line":166,"column":3}},"line":163},"15":{"name":"(anonymous_15)","decl":{"start":{"line":168,"column":12},"end":{"line":168,"column":13}},"loc":{"start":{"line":168,"column":18},"end":{"line":174,"column":3}},"line":168},"16":{"name":"(anonymous_16)","decl":{"start":{"line":169,"column":17},"end":{"line":169,"column":18}},"loc":{"start":{"line":169,"column":32},"end":{"line":173,"column":5}},"line":169},"17":{"name":"(anonymous_17)","decl":{"start":{"line":177,"column":29},"end":{"line":177,"column":30}},"loc":{"start":{"line":177,"column":35},"end":{"line":184,"column":3}},"line":177},"18":{"name":"(anonymous_18)","decl":{"start":{"line":179,"column":20},"end":{"line":179,"column":21}},"loc":{"start":{"line":179,"column":36},"end":{"line":183,"column":5}},"line":179},"19":{"name":"(anonymous_19)","decl":{"start":{"line":186,"column":27},"end":{"line":186,"column":28}},"loc":{"start":{"line":186,"column":39},"end":{"line":212,"column":3}},"line":186},"20":{"name":"(anonymous_20)","decl":{"start":{"line":206,"column":16},"end":{"line":206,"column":17}},"loc":{"start":{"line":206,"column":22},"end":{"line":206,"column":37}},"line":206},"21":{"name":"(anonymous_21)","decl":{"start":{"line":214,"column":35},"end":{"line":214,"column":36}},"loc":{"start":{"line":214,"column":45},"end":{"line":229,"column":3}},"line":214},"22":{"name":"(anonymous_22)","decl":{"start":{"line":263,"column":25},"end":{"line":263,"column":26}},"loc":{"start":{"line":263,"column":31},"end":{"line":265,"column":11}},"line":263},"23":{"name":"(anonymous_23)","decl":{"start":{"line":310,"column":42},"end":{"line":310,"column":43}},"loc":{"start":{"line":310,"column":48},"end":{"line":310,"column":50}},"line":310}},"branchMap":{"0":{"loc":{"start":{"line":101,"column":6},"end":{"line":103,"column":7}},"type":"if","locations":[{"start":{"line":101,"column":6},"end":{"line":103,"column":7}},{"start":{"line":101,"column":6},"end":{"line":103,"column":7}}],"line":101},"1":{"loc":{"start":{"line":132,"column":4},"end":{"line":134,"column":5}},"type":"if","locations":[{"start":{"line":132,"column":4},"end":{"line":134,"column":5}},{"start":{"line":132,"column":4},"end":{"line":134,"column":5}}],"line":132},"2":{"loc":{"start":{"line":187,"column":4},"end":{"line":211,"column":5}},"type":"if","locations":[{"start":{"line":187,"column":4},"end":{"line":211,"column":5}},{"start":{"line":187,"column":4},"end":{"line":211,"column":5}}],"line":187},"3":{"loc":{"start":{"line":215,"column":4},"end":{"line":220,"column":5}},"type":"if","locations":[{"start":{"line":215,"column":4},"end":{"line":220,"column":5}},{"start":{"line":215,"column":4},"end":{"line":220,"column":5}}],"line":215},"4":{"loc":{"start":{"line":217,"column":6},"end":{"line":219,"column":7}},"type":"if","locations":[{"start":{"line":217,"column":6},"end":{"line":219,"column":7}},{"start":{"line":217,"column":6},"end":{"line":219,"column":7}}],"line":217},"5":{"loc":{"start":{"line":221,"column":4},"end":{"line":223,"column":5}},"type":"if","locations":[{"start":{"line":221,"column":4},"end":{"line":223,"column":5}},{"start":{"line":221,"column":4},"end":{"line":223,"column":5}}],"line":221},"6":{"loc":{"start":{"line":224,"column":4},"end":{"line":228,"column":5}},"type":"if","locations":[{"start":{"line":224,"column":4},"end":{"line":228,"column":5}},{"start":{"line":224,"column":4},"end":{"line":228,"column":5}}],"line":224}},"s":{"0":4,"1":3,"2":4,"3":44,"4":44,"5":44,"6":44,"7":1,"8":1,"9":44,"10":0,"11":44,"12":0,"13":0,"14":44,"15":0,"16":0,"17":0,"18":0,"19":0,"20":0,"21":0,"22":0,"23":0,"24":0,"25":44,"26":20,"27":20,"28":0,"29":1,"30":1,"31":44,"32":1,"33":1,"34":0,"35":0,"36":0,"37":0,"38":44,"39":1,"40":1,"41":44,"42":13,"43":10,"44":10,"45":10,"46":44,"47":0,"48":0,"49":0,"50":0,"51":0,"52":44,"53":0,"54":0,"55":0,"56":0,"57":0,"58":0,"59":0,"60":0,"61":0,"62":0,"63":0,"64":0,"65":0,"66":44,"67":1,"68":1,"69":1,"70":0,"71":1,"72":0,"73":1,"74":0,"75":1,"76":44,"77":44,"78":0,"79":4,"80":4},"f":{"0":3,"1":44,"2":1,"3":0,"4":0,"5":0,"6":0,"7":0,"8":0,"9":0,"10":20,"11":1,"12":1,"13":0,"14":1,"15":13,"16":10,"17":0,"18":0,"19":0,"20":0,"21":1,"22":0,"23":0},"b":{"0":[0,0],"1":[20,0],"2":[0,0],"3":[1,0],"4":[0,1],"5":[0,1],"6":[0,1]},"_coverageSchema":"1a1c01bbd47fc00a2c39e90264f33305004495a9","hash":"ca78b9ee4ecc88de95b61cecf83cad130a862a7e"}
,"/home/bhavya/Documents/bootcamp-11/bc11-frontend/src/components/organisms/Insights/Insights.js": {"path":"/home/bhavya/Documents/bootcamp-11/bc11-frontend/src/components/organisms/Insights/Insights.js","statementMap":{"0":{"start":{"line":6,"column":18},"end":{"line":20,"column":2}},"1":{"start":{"line":21,"column":17},"end":{"line":49,"column":1}},"2":{"start":{"line":22,"column":18},"end":{"line":22,"column":29}},"3":{"start":{"line":23,"column":2},"end":{"line":48,"column":4}},"4":{"start":{"line":36,"column":12},"end":{"line":43,"column":19}}},"fnMap":{"0":{"name":"(anonymous_0)","decl":{"start":{"line":21,"column":17},"end":{"line":21,"column":18}},"loc":{"start":{"line":21,"column":23},"end":{"line":49,"column":1}},"line":21},"1":{"name":"(anonymous_1)","decl":{"start":{"line":35,"column":32},"end":{"line":35,"column":33}},"loc":{"start":{"line":36,"column":12},"end":{"line":43,"column":19}},"line":36}},"branchMap":{},"s":{"0":3,"1":3,"2":5,"3":4,"4":16},"f":{"0":5,"1":16},"b":{},"_coverageSchema":"1a1c01bbd47fc00a2c39e90264f33305004495a9","hash":"83d1be9ec0a482f72d2820b113c5e9d19216849c"}
,"/home/bhavya/Documents/bootcamp-11/bc11-frontend/src/components/organisms/RelationshipCard/RelationshipCard.js": {"path":"/home/bhavya/Documents/bootcamp-11/bc11-frontend/src/components/organisms/RelationshipCard/RelationshipCard.js","statementMap":{"0":{"start":{"line":9,"column":15},"end":{"line":34,"column":2}},"1":{"start":{"line":9,"column":22},"end":{"line":34,"column":1}},"2":{"start":{"line":36,"column":25},"end":{"line":87,"column":1}},"3":{"start":{"line":37,"column":2},"end":{"line":86,"column":4}},"4":{"start":{"line":80,"column":10},"end":{"line":82,"column":17}},"5":{"start":{"line":89,"column":0},"end":{"line":92,"column":2}},"6":{"start":{"line":93,"column":0},"end":{"line":96,"column":2}}},"fnMap":{"0":{"name":"(anonymous_0)","decl":{"start":{"line":9,"column":15},"end":{"line":9,"column":16}},"loc":{"start":{"line":9,"column":22},"end":{"line":34,"column":1}},"line":9},"1":{"name":"(anonymous_1)","decl":{"start":{"line":36,"column":25},"end":{"line":36,"column":26}},"loc":{"start":{"line":36,"column":76},"end":{"line":87,"column":1}},"line":36},"2":{"name":"(anonymous_2)","decl":{"start":{"line":79,"column":23},"end":{"line":79,"column":24}},"loc":{"start":{"line":80,"column":10},"end":{"line":82,"column":17}},"line":80}},"branchMap":{"0":{"loc":{"start":{"line":39,"column":7},"end":{"line":45,"column":7}},"type":"binary-expr","locations":[{"start":{"line":39,"column":7},"end":{"line":39,"column":13}},{"start":{"line":40,"column":8},"end":{"line":44,"column":15}}],"line":39}},"s":{"0":4,"1":4,"2":4,"3":12,"4":22,"5":4,"6":4},"f":{"0":4,"1":12,"2":22},"b":{"0":[12,3]},"_coverageSchema":"1a1c01bbd47fc00a2c39e90264f33305004495a9","hash":"b9d39cfff63e8a3bf4af686c0b733e3e5d849d68"}
,"/home/bhavya/Documents/bootcamp-11/bc11-frontend/src/components/organisms/RelationshipGrid/RelationshipGrid.js": {"path":"/home/bhavya/Documents/bootcamp-11/bc11-frontend/src/components/organisms/RelationshipGrid/RelationshipGrid.js","statementMap":{"0":{"start":{"line":18,"column":18},"end":{"line":47,"column":2}},"1":{"start":{"line":18,"column":25},"end":{"line":47,"column":1}},"2":{"start":{"line":49,"column":25},"end":{"line":253,"column":1}},"3":{"start":{"line":62,"column":32},"end":{"line":62,"column":46}},"4":{"start":{"line":63,"column":44},"end":{"line":63,"column":58}},"5":{"start":{"line":65,"column":18},"end":{"line":65,"column":85}},"6":{"start":{"line":65,"column":40},"end":{"line":65,"column":84}},"7":{"start":{"line":66,"column":21},"end":{"line":66,"column":69}},"8":{"start":{"line":68,"column":22},"end":{"line":71,"column":3}},"9":{"start":{"line":69,"column":4},"end":{"line":69,"column":27}},"10":{"start":{"line":70,"column":4},"end":{"line":70,"column":39}},"11":{"start":{"line":73,"column":23},"end":{"line":79,"column":3}},"12":{"start":{"line":74,"column":4},"end":{"line":78,"column":6}},"13":{"start":{"line":81,"column":32},"end":{"line":107,"column":4}},"14":{"start":{"line":82,"column":44},"end":{"line":82,"column":59}},"15":{"start":{"line":83,"column":29},"end":{"line":87,"column":5}},"16":{"start":{"line":84,"column":6},"end":{"line":86,"column":7}},"17":{"start":{"line":85,"column":8},"end":{"line":85,"column":40}},"18":{"start":{"line":89,"column":4},"end":{"line":96,"column":8}},"19":{"start":{"line":89,"column":36},"end":{"line":96,"column":5}},"20":{"start":{"line":91,"column":8},"end":{"line":91,"column":28}},"21":{"start":{"line":94,"column":8},"end":{"line":94,"column":20}},"22":{"start":{"line":98,"column":4},"end":{"line":106,"column":6}},"23":{"start":{"line":109,"column":23},"end":{"line":114,"column":3}},"24":{"start":{"line":110,"column":4},"end":{"line":112,"column":5}},"25":{"start":{"line":111,"column":6},"end":{"line":111,"column":16}},"26":{"start":{"line":113,"column":4},"end":{"line":113,"column":14}},"27":{"start":{"line":117,"column":20},"end":{"line":126,"column":5}},"28":{"start":{"line":127,"column":4},"end":{"line":127,"column":19}},"29":{"start":{"line":130,"column":23},"end":{"line":146,"column":3}},"30":{"start":{"line":131,"column":4},"end":{"line":145,"column":5}},"31":{"start":{"line":132,"column":21},"end":{"line":132,"column":61}},"32":{"start":{"line":133,"column":6},"end":{"line":135,"column":9}},"33":{"start":{"line":136,"column":5},"end":{"line":141,"column":9}},"34":{"start":{"line":142,"column":6},"end":{"line":142,"column":51}},"35":{"start":{"line":142,"column":28},"end":{"line":142,"column":49}},"36":{"start":{"line":144,"column":6},"end":{"line":144,"column":54}},"37":{"start":{"line":148,"column":19},"end":{"line":151,"column":3}},"38":{"start":{"line":149,"column":21},"end":{"line":149,"column":39}},"39":{"start":{"line":150,"column":4},"end":{"line":150,"column":27}},"40":{"start":{"line":153,"column":2},"end":{"line":159,"column":20}},"41":{"start":{"line":154,"column":4},"end":{"line":158,"column":7}},"42":{"start":{"line":155,"column":23},"end":{"line":155,"column":37}},"43":{"start":{"line":156,"column":6},"end":{"line":156,"column":36}},"44":{"start":{"line":157,"column":6},"end":{"line":157,"column":22}},"45":{"start":{"line":162,"column":29},"end":{"line":169,"column":3}},"46":{"start":{"line":163,"column":21},"end":{"line":163,"column":53}},"47":{"start":{"line":164,"column":4},"end":{"line":168,"column":7}},"48":{"start":{"line":165,"column":23},"end":{"line":165,"column":38}},"49":{"start":{"line":166,"column":6},"end":{"line":166,"column":33}},"50":{"start":{"line":167,"column":6},"end":{"line":167,"column":22}},"51":{"start":{"line":171,"column":35},"end":{"line":182,"column":3}},"52":{"start":{"line":172,"column":4},"end":{"line":177,"column":5}},"53":{"start":{"line":173,"column":17},"end":{"line":173,"column":42}},"54":{"start":{"line":174,"column":6},"end":{"line":176,"column":7}},"55":{"start":{"line":175,"column":6},"end":{"line":175,"column":57}},"56":{"start":{"line":178,"column":4},"end":{"line":180,"column":5}},"57":{"start":{"line":179,"column":4},"end":{"line":179,"column":55}},"58":{"start":{"line":181,"column":4},"end":{"line":181,"column":28}},"59":{"start":{"line":184,"column":2},"end":{"line":252,"column":4}},"60":{"start":{"line":213,"column":12},"end":{"line":213,"column":35}},"61":{"start":{"line":255,"column":0},"end":{"line":255,"column":62}},"62":{"start":{"line":256,"column":0},"end":{"line":256,"column":59}}},"fnMap":{"0":{"name":"(anonymous_0)","decl":{"start":{"line":18,"column":18},"end":{"line":18,"column":19}},"loc":{"start":{"line":18,"column":25},"end":{"line":47,"column":1}},"line":18},"1":{"name":"(anonymous_1)","decl":{"start":{"line":49,"column":25},"end":{"line":49,"column":26}},"loc":{"start":{"line":61,"column":6},"end":{"line":253,"column":1}},"line":61},"2":{"name":"(anonymous_2)","decl":{"start":{"line":65,"column":30},"end":{"line":65,"column":31}},"loc":{"start":{"line":65,"column":40},"end":{"line":65,"column":84}},"line":65},"3":{"name":"(anonymous_3)","decl":{"start":{"line":68,"column":22},"end":{"line":68,"column":23}},"loc":{"start":{"line":68,"column":34},"end":{"line":71,"column":3}},"line":68},"4":{"name":"(anonymous_4)","decl":{"start":{"line":73,"column":23},"end":{"line":73,"column":24}},"loc":{"start":{"line":73,"column":38},"end":{"line":79,"column":3}},"line":73},"5":{"name":"(anonymous_5)","decl":{"start":{"line":81,"column":49},"end":{"line":81,"column":50}},"loc":{"start":{"line":81,"column":80},"end":{"line":107,"column":3}},"line":81},"6":{"name":"(anonymous_6)","decl":{"start":{"line":83,"column":29},"end":{"line":83,"column":30}},"loc":{"start":{"line":83,"column":39},"end":{"line":87,"column":5}},"line":83},"7":{"name":"(anonymous_7)","decl":{"start":{"line":89,"column":29},"end":{"line":89,"column":30}},"loc":{"start":{"line":89,"column":36},"end":{"line":96,"column":5}},"line":89},"8":{"name":"(anonymous_8)","decl":{"start":{"line":90,"column":16},"end":{"line":90,"column":17}},"loc":{"start":{"line":90,"column":22},"end":{"line":92,"column":7}},"line":90},"9":{"name":"(anonymous_9)","decl":{"start":{"line":93,"column":15},"end":{"line":93,"column":16}},"loc":{"start":{"line":93,"column":21},"end":{"line":95,"column":7}},"line":93},"10":{"name":"(anonymous_10)","decl":{"start":{"line":109,"column":23},"end":{"line":109,"column":24}},"loc":{"start":{"line":109,"column":35},"end":{"line":114,"column":3}},"line":109},"11":{"name":"createNewRowData","decl":{"start":{"line":116,"column":11},"end":{"line":116,"column":27}},"loc":{"start":{"line":116,"column":30},"end":{"line":128,"column":3}},"line":116},"12":{"name":"(anonymous_12)","decl":{"start":{"line":130,"column":23},"end":{"line":130,"column":24}},"loc":{"start":{"line":130,"column":41},"end":{"line":146,"column":3}},"line":130},"13":{"name":"(anonymous_13)","decl":{"start":{"line":142,"column":14},"end":{"line":142,"column":15}},"loc":{"start":{"line":142,"column":28},"end":{"line":142,"column":49}},"line":142},"14":{"name":"(anonymous_14)","decl":{"start":{"line":148,"column":19},"end":{"line":148,"column":20}},"loc":{"start":{"line":148,"column":25},"end":{"line":151,"column":3}},"line":148},"15":{"name":"(anonymous_15)","decl":{"start":{"line":153,"column":12},"end":{"line":153,"column":13}},"loc":{"start":{"line":153,"column":18},"end":{"line":159,"column":3}},"line":153},"16":{"name":"(anonymous_16)","decl":{"start":{"line":154,"column":17},"end":{"line":154,"column":18}},"loc":{"start":{"line":154,"column":32},"end":{"line":158,"column":5}},"line":154},"17":{"name":"(anonymous_17)","decl":{"start":{"line":162,"column":29},"end":{"line":162,"column":30}},"loc":{"start":{"line":162,"column":35},"end":{"line":169,"column":3}},"line":162},"18":{"name":"(anonymous_18)","decl":{"start":{"line":164,"column":20},"end":{"line":164,"column":21}},"loc":{"start":{"line":164,"column":36},"end":{"line":168,"column":5}},"line":164},"19":{"name":"(anonymous_19)","decl":{"start":{"line":171,"column":35},"end":{"line":171,"column":36}},"loc":{"start":{"line":171,"column":45},"end":{"line":182,"column":3}},"line":171},"20":{"name":"(anonymous_20)","decl":{"start":{"line":212,"column":25},"end":{"line":212,"column":26}},"loc":{"start":{"line":212,"column":31},"end":{"line":214,"column":11}},"line":212},"21":{"name":"(anonymous_21)","decl":{"start":{"line":256,"column":48},"end":{"line":256,"column":49}},"loc":{"start":{"line":256,"column":54},"end":{"line":256,"column":56}},"line":256}},"branchMap":{"0":{"loc":{"start":{"line":84,"column":6},"end":{"line":86,"column":7}},"type":"if","locations":[{"start":{"line":84,"column":6},"end":{"line":86,"column":7}},{"start":{"line":84,"column":6},"end":{"line":86,"column":7}}],"line":84},"1":{"loc":{"start":{"line":110,"column":4},"end":{"line":112,"column":5}},"type":"if","locations":[{"start":{"line":110,"column":4},"end":{"line":112,"column":5}},{"start":{"line":110,"column":4},"end":{"line":112,"column":5}}],"line":110},"2":{"loc":{"start":{"line":172,"column":4},"end":{"line":177,"column":5}},"type":"if","locations":[{"start":{"line":172,"column":4},"end":
[...]
,"/home/bhavya/Documents/bootcamp-11/bc11-frontend/src/utils/Strings.js": {"path":"/home/bhavya/Documents/bootcamp-11/bc11-frontend/src/utils/Strings.js","statementMap":{"0":{"start":{"line":1,"column":33},"end":{"line":6,"column":1}},"1":{"start":{"line":8,"column":28},"end":{"line":8,"column":79}},"2":{"start":{"line":10,"column":29},"end":{"line":10,"column":62}},"3":{"start":{"line":12,"column":25},"end":{"line":16,"column":1}},"4":{"start":{"line":18,"column":35},"end":{"line":22,"column":1}},"5":{"start":{"line":24,"column":22},"end":{"line":27,"column":1}},"6":{"start":{"line":29,"column":41},"end":{"line":29,"column":99}},"7":{"start":{"line":30,"column":41},"end":{"line":30,"column":99}},"8":{"start":{"line":31,"column":38},"end":{"line":31,"column":49}},"9":{"start":{"line":32,"column":26},"end":{"line":32,"column":41}},"10":{"start":{"line":33,"column":26},"end":{"line":33,"column":70}},"11":{"start":{"line":34,"column":27},"end":{"line":34,"column":89}},"12":{"start":{"line":35,"column":27},"end":{"line":35,"column":43}},"13":{"start":{"line":37,"column":2},"end":{"line":37,"column":234}},"14":{"start":{"line":38,"column":37},"end":{"line":38,"column":53}},"15":{"start":{"line":39,"column":37},"end":{"line":39,"column":53}}},"fnMap":{},"branchMap":{},"s":{"0":17,"1":17,"2":17,"3":17,"4":17,"5":17,"6":17,"7":17,"8":17,"9":17,"10":17,"11":17,"12":17,"13":17,"14":17,"15":17},"f":{},"b":{},"_coverageSchema":"1a1c01bbd47fc00a2c39e90264f33305004495a9","hash":"9446d123c7df7ade4a617004277091ca605af959"}
,"/home/bhavya/Documents/bootcamp-11/bc11-frontend/src/utils/dashboardMockData.js": {"path":"/home/bhavya/Documents/bootcamp-11/bc11-frontend/src/utils/dashboardMockData.js","statementMap":{"0":{"start":{"line":3,"column":32},"end":{"line":24,"column":1}},"1":{"start":{"line":26,"column":25},"end":{"line":38,"column":1}},"2":{"start":{"line":40,"column":35},"end":{"line":67,"column":1}},"3":{"start":{"line":69,"column":35},"end":{"line":116,"column":1}},"4":{"start":{"line":117,"column":28},"end":{"line":144,"column":1}},"5":{"start":{"line":145,"column":33},"end":{"line":174,"column":1}},"6":{"start":{"line":175,"column":23},"end":{"line":178,"column":1}}},"fnMap":{},"branchMap":{},"s":{"0":3,"1":3,"2":3,"3":3,"4":3,"5":3,"6":3},"f":{},"b":{},"_coverageSchema":"1a1c01bbd47fc00a2c39e90264f33305004495a9","hash":"358439f1a297c13850155a1954c73c3ebb7d25d2"}
,"/home/bhavya/Documents/bootcamp-11/bc11-frontend/src/utils/helper.js": {"path":"/home/bhavya/Documents/bootcamp-11/bc11-frontend/src/utils/helper.js","statementMap":{"0":{"start":{"line":3,"column":38},"end":{"line":11,"column":5}},"1":{"start":{"line":4,"column":2},"end":{"line":11,"column":5}},"2":{"start":{"line":4,"column":27},"end":{"line":11,"column":3}},"3":{"start":{"line":13,"column":33},"end":{"line":17,"column":5}},"4":{"start":{"line":14,"column":2},"end":{"line":17,"column":5}},"5":{"start":{"line":14,"column":24},"end":{"line":17,"column":3}},"6":{"start":{"line":19,"column":34},"end":{"line":24,"column":1}},"7":{"start":{"line":20,"column":18},"end":{"line":22,"column":4}},"8":{"start":{"line":21,"column":4},"end":{"line":21,"column":57}},"9":{"start":{"line":23,"column":2},"end":{"line":23,"column":17}},"10":{"start":{"line":26,"column":28},"end":{"line":33,"column":5}},"11":{"start":{"line":27,"column":2},"end":{"line":33,"column":5}},"12":{"start":{"line":27,"column":22},"end":{"line":33,"column":3}},"13":{"start":{"line":35,"column":47},"end":{"line":72,"column":1}},"14":{"start":{"line":36,"column":19},"end":{"line":36,"column":73}},"15":{"start":{"line":36,"column":69},"end":{"line":36,"column":71}},"16":{"start":{"line":38,"column":2},"end":{"line":45,"column":5}},"17":{"start":{"line":39,"column":4},"end":{"line":39,"column":49}},"18":{"start":{"line":40,"column":4},"end":{"line":40,"column":43}},"19":{"start":{"line":41,"column":4},"end":{"line":41,"column":35}},"20":{"start":{"line":42,"column":4},"end":{"line":42,"column":38}},"21":{"start":{"line":43,"column":4},"end":{"line":43,"column":35}},"22":{"start":{"line":44,"column":4},"end":{"line":44,"column":39}},"23":{"start":{"line":47,"column":21},"end":{"line":70,"column":4}},"24":{"start":{"line":48,"column":19},"end":{"line":48,"column":22}},"25":{"start":{"line":49,"column":27},"end":{"line":49,"column":95}},"26":{"start":{"line":49,"column":50},"end":{"line":49,"column":94}},"27":{"start":{"line":50,"column":4},"end":{"line":68,"column":7}},"28":{"start":{"line":51,"column":6},"end":{"line":67,"column":7}},"29":{"start":{"line":52,"column":8},"end":{"line":52,"column":41}},"30":{"start":{"line":53,"column":8},"end":{"line":53,"column":36}},"31":{"start":{"line":54,"column":8},"end":{"line":54,"column":66}},"32":{"start":{"line":55,"column":13},"end":{"line":67,"column":7}},"33":{"start":{"line":56,"column":8},"end":{"line":56,"column":44}},"34":{"start":{"line":57,"column":8},"end":{"line":57,"column":39}},"35":{"start":{"line":58,"column":8},"end":{"line":58,"column":69}},"36":{"start":{"line":59,"column":13},"end":{"line":67,"column":7}},"37":{"start":{"line":60,"column":8},"end":{"line":60,"column":41}},"38":{"start":{"line":61,"column":8},"end":{"line":61,"column":36}},"39":{"start":{"line":62,"column":8},"end":{"line":62,"column":66}},"40":{"start":{"line":63,"column":13},"end":{"line":67,"column":7}},"41":{"start":{"line":64,"column":8},"end":{"line":64,"column":45}},"42":{"start":{"line":65,"column":8},"end":{"line":65,"column":40}},"43":{"start":{"line":66,"column":8},"end":{"line":66,"column":70}},"44":{"start":{"line":69,"column":4},"end":{"line":69,"column":18}},"45":{"start":{"line":71,"column":2},"end":{"line":71,"column":20}},"46":{"start":{"line":74,"column":43},"end":{"line":93,"column":1}},"47":{"start":{"line":75,"column":17},"end":{"line":75,"column":19}},"48":{"start":{"line":76,"column":2},"end":{"line":76,"column":29}},"49":{"start":{"line":77,"column":2},"end":{"line":77,"column":48}},"50":{"start":{"line":79,"column":2},"end":{"line":91,"column":3}},"51":{"start":{"line":80,"column":4},"end":{"line":80,"column":32}},"52":{"start":{"line":81,"column":4},"end":{"line":81,"column":62}},"53":{"start":{"line":82,"column":9},"end":{"line":91,"column":3}},"54":{"start":{"line":83,"column":4},"end":{"line":83,"column":35}},"55":{"start":{"line":84,"column":4},"end":{"line":84,"column":65}},"56":{"start":{"line":85,"column":9},"end":{"line":91,"column":3}},"57":{"start":{"line":86,"column":4},"end":{"line":86,"column":32}},"58":{"start":{"line":87,"column":4},"end":{"line":87,"column":62}},"59":{"start":{"line":88,"column":9},"end":{"line":91,"column":3}},"60":{"start":{"line":89,"column":4},"end":{"line":89,"column":36}},"61":{"start":{"line":90,"column":4},"end":{"line":90,"column":66}},"62":{"start":{"line":92,"column":2},"end":{"line":92,"column":16}},"63":{"start":{"line":95,"column":29},"end":{"line":109,"column":1}},"64":{"start":{"line":96,"column":2},"end":{"line":108,"column":5}},"65":{"start":{"line":97,"column":4},"end":{"line":107,"column":5}},"66":{"start":{"line":98,"column":6},"end":{"line":98,"column":58}},"67":{"start":{"line":99,"column":11},"end":{"line":107,"column":5}},"68":{"start":{"line":100,"column":6},"end":{"line":100,"column":58}},"69":{"start":{"line":101,"column":11},"end":{"line":107,"column":5}},"70":{"start":{"line":102,"column":6},"end":{"line":102,"column":61}},"71":{"start":{"line":103,"column":11},"end":{"line":107,"column":5}},"72":{"start":{"line":104,"column":6},"end":{"line":104,"column":58}},"73":{"start":{"line":106,"column":6},"end":{"line":106,"column":56}},"74":{"start":{"line":111,"column":33},"end":{"line":117,"column":1}},"75":{"start":{"line":112,"column":20},"end":{"line":112,"column":32}},"76":{"start":{"line":113,"column":2},"end":{"line":115,"column":3}},"77":{"start":{"line":113,"column":30},"end":{"line":113,"column":63}},"78":{"start":{"line":114,"column":4},"end":{"line":114,"column":54}},"79":{"start":{"line":116,"column":2},"end":{"line":116,"column":21}},"80":{"start":{"line":119,"column":32},"end":{"line":128,"column":1}},"81":{"start":{"line":120,"column":2},"end":{"line":127,"column":3}},"82":{"start":{"line":121,"column":4},"end":{"line":126,"column":5}},"83":{"start":{"line":121,"column":29},"end":{"line":121,"column":90}},"84":{"start":{"line":122,"column":6},"end":{"line":125,"column":9}},"85":{"start":{"line":130,"column":28},"end":{"line":136,"column":1}},"86":{"start":{"line":131,"column":14},"end":{"line":131,"column":15}},"87":{"start":{"line":132,"column":2},"end":{"line":134,"column":3}},"88":{"start":{"line":132,"column":15},"end":{"line":132,"column":16}},"89":{"start":{"line":133,"column":4},"end":{"line":133,"column":74}},"90":{"start":{"line":133,"column":66},"end":{"line":133,"column":73}},"91":{"start":{"line":135,"column":2},"end":{"line":135,"column":15}}},"fnMap":{"0":{"name":"(anonymous_0)","decl":{"start":{"line":3,"column":38},"end":{"line":3,"column":39}},"loc":{"start":{"line":4,"column":2},"end":{"line":11,"column":5}},"line":4},"1":{"name":"(anonymous_1)","decl":{"start":{"line":4,"column":12},"end":{"line":4,"column":13}},"loc":{"start":{"line":4,"column":27},"end":{"line":11,"column":3}},"line":4},"2":{"name":"(anonymous_2)","decl":{"start":{"line":13,"column":33},"end":{"line":13,"column":34}},"loc":{"start":{"line":14,"column":2},"end":{"line":17,"column":5}},"line":14},"3":{"name":"(anonymous_3)","decl":{"start":{"line":14,"column":12},"end":{"line":14,"column":13}},"loc":{"start":{"line":14,"column":24},"end":{"line":17,"column":3}},"line":14},"4":{"name":"(anonymous_4)","decl":{"start":{"line":19,"column":34},"end":{"line":19,"column":35}},"loc":{"start":{"line":19,"column":51},"end":{"line":24,"column":1}},"line":19},"5":{"name":"(anonymous_5)","decl":{"start":{"line":20,"column":28},"end":{"line":20,"column":29}},"loc":{"start":{"line":20,"column":37},"end":{"line":22,"column":3}},"line":20},"6":{"name":"(anonymous_6)","decl":{"start":{"line":26,"column":28},"end":{"line":26,"column":29}},"loc":{"start":{"line":27,"column":2},"end":{"line":33,"column":5}},"line":27},"7":{"name":"(anonymous_7)","decl":{"start":{"line":27,"column":12},"end":{"line":27,"column":13}},"loc":{"start":{"line":27,"column":22},"end":{"line":33,"column":3}},"line":27},"8":{"name":"(anonymous_8)","decl":{"start":{"line":35,"column":47},"end":{"line":35,"column":48}},"loc":{"start":{"line":35,"column":71},"end":{"line":72,"column":1}},"line":35},"9":{"name":"(anonymous_9)","decl":{"start":{"line":36,"column":62},"end":{"line":36,"column":63}},"loc":{"start":{"line":36,"column":69},"end":{"line":36,"column":71}},"line":36},"10":{"name":"(anonymous_10)","decl":{"start":{"line":38,"column":22},"end":{"line":38,"column":23}},"loc":{"start":{"line":38,"column":36},"end":{"line":45,"column":3}},"line":38},"11":{"name":"(anonymous_11)","decl":{"start":{"line":47,"column":34},"end":{"line":47,"column":35}},"loc":{"start":{"line":47,"column":43},"end":{"line":70,"column":3}},"line":47},"12":{"name":"(anonymous_12)","decl":{"start":{"line":49,"column":40},"end":{"line":49,"column":41}},"loc":{"start":{"line":49,"column":50},"end":{"line":49,"column":94}},"line":49},"13":{"name":"(anonymous_13)","decl":{"start":{"line":50,"column":27},"end":{"line":50,"column":28}},"loc":{"start":{"line":50,"column":37},"end":{"line":68,"column":5}},"line":50},"14":{"name":"(anonymous_14)","decl":{"start":{"line":74,"column":43},"end":{"line":74,"column":44}},"loc":{"start":{"line":74,"column":69},"end":{"line":93,"column":1}},"line":74},"15":{"name":"(anonymous_15)","decl":{"start":{"line":95,"column":29},"end":{"line":95,"column":30}},"loc":{"start":{"line":95,"column":40},"end":{"line":109,"column":1}},"line":95},"16":{"name":"(anonymous_16)","decl":{"start":{"line":96,"column":16},"end":{"line":96,"column":17}},"loc":{"start":{"line":96,"column":26},"end":{"line":108,"column":3}},"line":96},"17":{"name":"(anonymous_17)","decl":{"start":{"line":111,"column":33},"end":{"line":111,"column":34}},"loc":{"start":{"line":111,"column":42},"end":{"line":117,"column":1}},"line":111},"18":{"name":"(anonymous_18)","decl":{"start":{"line":113,"column":20},"end":{"line":113,"column":21}},"loc":{"start":{"line":113,"column":30},"end":{"line":113,"column":63}},"line":113},"19":{"name":"(anonymous_19)","decl":{"start":{"line":119,"column":32},"end":{"line":119,"column":33}},"loc":{"start":{"line":119,"column":71},"end":{"line":128,"column":1}},"line":119},"20":{"name":"(anonymous_20)","decl":{"start":{"line":121,"column":19},"end":{"line":121,"column":20}},"loc":{"start":{"line":121,"column":29},"end":{"line":121,"column":90}},"line":121},"21":{"name":"(anonymous_21)","decl":{"start":{"line":130,"column":28},"end":{"line":130,"column":29}},"loc":{"start":{"line":130,"column":43},"end":{"line":136,"column":1}},"line":130}},"branchMap":{"0":{"loc":{"start":{"line":15,"column":21},"end":{"line":15,"column":63}},"type":"binary-expr","locations":[{"start":{"line":15,"column":21},"end":{"line":15,"column":50}},{"start":{"line":15,"column":54},"end":{"line":15,"column":63}}],"line":15},"1":{"loc":{"start":{"line":21,"column":11},"end":{"line":21,"column":56}},"type":"cond-expr","locations":[{"start":{"line":21,"column":32},"end":{"line":21,"column":43}},{"start":{"line":21,"column":46},"end":{"line":21,"column":56}}],"line":21},"2":{"loc":{"start":{"line":51,"column":6},"end":{"line":67,"column":7}},"type":"if","locations":[{"start":{"line":51,"column":6},"end":{"line":67,"column":7}},{"start":{"line":51,"column":6},"end":{"line":67,"column":7}}],"line":51},"3":{"loc":{"start":{"line":55,"column":13},"end":{"line":67,"column":7}},"type":"if","locations":[{"start":{"line":55,"column":13},"end":{"line":67,"column":7}},{"start":{"line":55,"column":13},"end":{"line":67,"column":7}}],"line":55},"4":{"loc":{"start":{"line":59,"column":13},"end":{"line":67,"column":7}},"type":"if","locations":[{"start":{"line":59,"column":13},"end":{"line":67,"column":7}},{"start":{"line":59,"column":13},"end":{"line":67,"column":7}}],"line":59},"5":{"loc":{"start":{"line":63,"column":13},"end":{"line":67,"column":7}},"type":"if","locations":[{"start":{"line":63,"column":13},"end":{"line":67,"column":7}},{"start":{"line":63,"column":13},"end":{"line":67,"column":7}}],"line":63},"6":{"loc":{"start":{"line":79,"column":2},"end":{"line":91,"column":3}},"type":"if","locations":[{"start":{"line":79,"column":2},"end":{"line":91,"column":3}},{"start":{"line":79,"column":2},"end":{"line":91,"column":3}}],"line":79},"7":{"loc":{"start":{"line":82,"column":9},"end":{"line":91,"column":3}},"type":"if","locations":[{"start":{"line":82,"column":9},"end":{"line":91,"column":3}},{"start":{"line":82,"column":9},"end":{"line":91,"column":3}}],"line":82},"8":{"loc":{"start":{"line":85,"column":9},"end":{"line":91,"column":3}},"type":"if","locations":[{"start":{"line":85,"column":9},"end":{"line":91,"column":3}},{"start":{"line":85,"column":9},"end":{"line":91,"column":3}}],"line":85},"9":{"loc":{"start":{"line":88,"column":9},"end":{"line":91,"column":3}},"type":"if","locations":[{"start":{"line":88,"column":9},"end":{"line":91,"column":3}},{"start":{"line":88,"column":9},"end":{"line":91,"column":3}}],"line":88},"10":{"loc":{"start":{"line":97,"column":4},"end":{"line":107,"column":5}},"type":"if","locations":[{"start":{"line":97,"column":4},"end":{"line":107,"column":5}},{"start":{"line":97,"column":4},"end":{"line":107,"column":5}}],"line":97},"11":{"loc":{"start":{"line":99,"column":11},"end":{"line":107,"column":5}},"type":"if","locations":[{"start":{"line":99,"column":11},"end":{"line":107,"column":5}},{"start":{"line":99,"column":11},"end":{"line":107,"column":5}}],"line":99},"12":{"loc":{"start":{"line":101,"column":11},"end":{"line":107,"column":5}},"type":"if","locations":[{"start":{"line":101,"column":11},"end":{"line":107,"column":5}},{"start":{"line":101,"column":11},"end":{"line":107,"column":5}}],"line":101},"13":{"loc":{"start":{"line":103,"column":11},"end":{"line":107,"column":5}},"type":"if","locations":[{"start":{"line":103,"column":11},"end":{"line":107,"column":5}},{"start":{"line":103,"column":11},"end":{"line":107,"column":5}}],"line":103},"14":{"loc":{"start":{"line":120,"column":2},"end":{"line":127,"column":3}},"type":"if","locations":[{"start":{"line":120,"column":2},"end":{"line":127,"column":3}},{"start":{"line":120,"column":2},"end":{"line":127,"column":3}}],"line":120},"15":{"loc":{"start":{"line":121,"column":4},"end":{"line":126,"column":5}},"type":"if","locations":[{"start":{"line":121,"column":4},"end":{"line":126,"column":5}},{"start":{"line":121,"column":4},"end":{"line":126,"column":5}}],"line":121},"16":{"loc":{"start":{"line":133,"column":4},"end":{"line":133,"column":74}},"type":"if","locations":[{"start":{"line":133,"column":4},"end":{"line":133,"column":74}},{"start":{"line":133,"column":4},"end":{"line":133,"column":74}}],"line":133}},"s":{"0":6,"1":1,"2":1,"3":6,"4":1,"5":1,"6":6,"7":2,"8":1,"9":2,"10":6,"11":1,"12":1,"13":6,"14":14,"15":41,"16":14,"17":41,"18":40,"19":40,"20":40,"21":40,"22":40,"23":13,"24":12,"25":12,"26":16,"27":4,"28":4,"29":1,"30":1,"31":1,"32":3,"33":1,"34":1,"35":1,"36":2,"37":1,"38":1,"39":1,"40":1,"41":1,"42":1,"43":1,"44":4,"45":5,"46":6,"47":4,"48":4,"49":4,"50":4,"51":1,"52":1,"53":3,"54":1,"55":1,"56":2,"57":1,"58":1,"59":1,"60":1,"61":1,"62":4,"63":6,"64":1,"65":5,"66":1,"67":4,"68":1,"69":3,"70":1,"71":2,"72":1,"73":1,"74":6,"75":3,"76":3,"77":6,"78":1,"79":3,"80":6,"81":1,"82":1,"83":5,"84":0,"85":6,"86":3,"87":3,"88":3,"89":5,"90":1,"91":3},"f":{"0":1,"1":1,"2":1,"3":1,"4":2,"5":1,"6":1,"7":1,"8":14,"9":41,"10":41,"11":12,"12":16,"13":4,"14":4,"15":1,"16":5,"17":3,"18":6,"19":1,"20":5,"21":3},"b":{"0":[1,0],"1":[1,0],"2":[1,3],"3":[1,2],"4":[1,1],"5":[1,0],"6":[1,3],"7":[1,2],"8":[1,1],"9":[1,0],"10":[1,4],"11":[1,3],"12":[1,2],"13":[1,1],"14":[1,0],"15":[0,1],"16":[1,4]},"_coverageSchema":"1a1c01bbd47fc00a2c39e90264f33305004495a9","hash":"425ea7f50b53e18fc6606881ce073a686fbf496d"}
,"/home/bhavya/Documents/bootcamp-11/bc11-frontend/src/utils/sideNavIconGetter.js": {"path":"/home/bhavya/Documents/bootcamp-11/bc11-frontend/src/utils/sideNavIconGetter.js","statementMap":{"0":{"start":{"line":6,"column":21},"end":{"line":11,"column":1}},"1":{"start":{"line":13,"column":24},"end":{"line":13,"column":42}},"2":{"start":{"line":13,"column":30},"end":{"line":13,"column":42}},"3":{"start":{"line":15,"column":26},"end":{"line":17,"column":1}}},"fnMap":{"0":{"name":"(anonymous_0)","decl":{"start":{"line":13,"column":24},"end":{"line":13,"column":25}},"loc":{"start":{"line":13,"column":30},"end":{"line":13,"column":42}},"line":13}},"branchMap":{},"s":{"0":5,"1":5,"2":38,"3":5},"f":{"0":38},"b":{},"_coverageSchema":"1a1c01bbd47fc00a2c39e90264f33305004495a9","hash":"414772095a396ec6341ba7d94bc497daa9886d5f"}
}
