TN:
SF:src/App.js
FN:13,App
FN:16,(anonymous_1)
FN:24,(anonymous_2)
FN:28,(anonymous_3)
FN:34,(anonymous_4)
FN:40,(anonymous_5)
FN:45,(anonymous_6)
FNF:7
FNH:2
FNDA:1,App
FNDA:1,(anonymous_1)
FNDA:0,(anonymous_2)
FNDA:0,(anonymous_3)
FNDA:0,(anonymous_4)
FNDA:0,(anonymous_5)
FNDA:0,(anonymous_6)
DA:14,1
DA:16,1
DA:17,1
DA:24,1
DA:25,0
DA:26,0
DA:27,0
DA:29,0
DA:30,0
DA:31,0
DA:35,0
DA:39,0
DA:41,0
DA:42,0
DA:46,0
DA:53,1
LF:16
LH:5
BRDA:26,0,0,0
BRDA:26,0,1,0
BRDA:30,1,0,0
BRDA:30,1,1,0
BRDA:41,2,0,0
BRDA:41,2,1,0
BRF:6
BRH:0
end_of_record
TN:
SF:src/GoogleAuthcred.js
FNF:0
FNH:0
DA:1,0
LF:1
LH:0
BRF:0
BRH:0
end_of_record
TN:
SF:src/components/atoms/Avatar/AvatarAtom.js
FN:4,AvatarAtom
FNF:1
FNH:1
FNDA:46,AvatarAtom
DA:5,46
LF:1
LH:1
BRF:0
BRH:0
end_of_record
TN:
SF:src/components/atoms/Button/ButtonAtom.js
FN:13,ButtonAtom
FNF:1
FNH:1
FNDA:313,ButtonAtom
DA:6,21
DA:26,313
DA:27,313
DA:47,21
DA:52,21
LF:5
LH:5
BRF:0
BRH:0
end_of_record
TN:
SF:src/components/atoms/Chip/Chip.js
FN:7,(anonymous_0)
FN:14,(anonymous_1)
FNF:2
FNH:2
FNDA:1,(anonymous_0)
FNDA:3,(anonymous_1)
DA:7,7
DA:14,7
DA:24,3
DA:36,7
DA:43,7
LF:5
LH:5
BRF:0
BRH:0
end_of_record
TN:
SF:src/components/atoms/Icon/IconAtom.js
FN:5,IconAtom
FNF:1
FNH:1
FNDA:17,IconAtom
DA:10,17
DA:20,8
LF:2
LH:2
BRF:0
BRH:0
end_of_record
TN:
SF:src/components/atoms/IconButton/IconButtonAtom.js
FN:5,IconButtonAtom
FNF:1
FNH:1
FNDA:91,IconButtonAtom
DA:10,91
DA:16,7
LF:2
LH:2
BRF:0
BRH:0
end_of_record
TN:
SF:src/components/atoms/IconWithBadge/IconWithBadge.js
FN:4,IconWithBadge
FNF:1
FNH:1
FNDA:86,IconWithBadge
DA:5,86
LF:1
LH:1
BRF:0
BRH:0
end_of_record
TN:
SF:src/components/atoms/Process/Processing.js
FN:5,Processing
FNF:1
FNH:1
FNDA:1,Processing
DA:6,1
DA:15,1
LF:2
LH:2
BRF:0
BRH:0
end_of_record
TN:
SF:src/components/atoms/Processing/Processing.js
FN:5,Processing
FNF:1
FNH:1
FNDA:1,Processing
DA:6,1
DA:15,1
LF:2
LH:2
BRF:0
BRH:0
end_of_record
TN:
SF:src/components/atoms/TextInput/TextInput.js
FN:8,(anonymous_0)
FN:26,(anonymous_1)
FN:38,(anonymous_2)
FNF:3
FNH:3
FNDA:1,(anonymous_0)
FNDA:1,(anonymous_1)
FNDA:1,(anonymous_2)
DA:8,1
DA:26,1
DA:38,1
DA:39,1
DA:40,1
DA:52,1
DA:55,1
LF:7
LH:7
BRF:0
BRH:0
end_of_record
TN:
SF:src/components/atoms/shared/ListIcons.js
FNF:0
FNH:0
DA:13,6
LF:1
LH:1
BRF:0
BRH:0
end_of_record
TN:
SF:src/components/molecules/AppBanner/AppBanner.js
FN:10,(anonymous_0)
FN:21,AppBanner
FN:26,(anonymous_2)
FN:29,(anonymous_3)
FN:32,(anonymous_4)
FNF:5
FNH:4
FNDA:2,(anonymous_0)
FNDA:7,AppBanner
FNDA:1,(anonymous_2)
FNDA:1,(anonymous_3)
FNDA:0,(anonymous_4)
DA:10,3
DA:22,7
DA:23,7
DA:24,7
DA:26,7
DA:27,1
DA:29,7
DA:30,1
DA:32,7
DA:33,0
DA:35,7
LF:11
LH:10
BRDA:36,0,0,1
BRDA:36,0,1,6
BRDA:36,1,0,7
BRDA:36,1,1,7
BRDA:36,1,2,1
BRDA:40,2,0,1
BRDA:40,2,1,6
BRDA:40,3,0,7
BRDA:40,3,1,7
BRDA:41,4,0,1
BRDA:41,4,1,6
BRDA:41,5,0,7
BRDA:41,5,1,7
BRDA:42,6,0,1
BRDA:42,6,1,6
BRDA:42,7,0,7
BRDA:42,7,1,7
BRDA:42,7,2,1
BRDA:45,8,0,1
BRDA:45,8,1,6
BRDA:45,9,0,7
BRDA:45,9,1,7
BRDA:45,9,2,1
BRDA:52,10,0,1
BRDA:52,10,1,6
BRDA:52,11,0,7
BRDA:52,11,1,7
BRDA:52,11,2,1
BRF:28
BRH:28
end_of_record
TN:
SF:src/components/molecules/AreaGraph/AreaGraph.js
FN:7,(anonymous_0)
FN:34,(anonymous_1)
FNF:2
FNH:2
FNDA:4,(anonymous_0)
FNDA:9,(anonymous_1)
DA:7,4
DA:34,4
DA:35,9
DA:74,4
DA:100,4
LF:5
LH:5
BRDA:45,0,0,9
BRDA:45,0,1,9
BRF:2
BRH:2
end_of_record
TN:
SF:src/components/molecules/BarGraph/BarGraph.js
FN:7,(anonymous_0)
FN:28,(anonymous_1)
FNF:2
FNH:2
FNDA:4,(anonymous_0)
FNDA:15,(anonymous_1)
DA:7,5
DA:28,5
DA:29,15
DA:60,5
DA:86,5
LF:5
LH:5
BRDA:39,0,0,15
BRDA:39,0,1,9
BRF:2
BRH:2
end_of_record
TN:
SF:src/components/molecules/CollabCard/CollabCard.js
FN:65,CollabCard
FN:70,(anonymous_1)
FN:74,(anonymous_2)
FN:78,(anonymous_3)
FNF:4
FNH:3
FNDA:8,CollabCard
FNDA:1,(anonymous_1)
FNDA:1,(anonymous_2)
FNDA:0,(anonymous_3)
DA:12,6
DA:66,8
DA:67,8
DA:68,8
DA:70,8
DA:71,1
DA:72,1
DA:74,8
DA:75,1
DA:76,1
DA:78,8
DA:79,0
DA:81,8
DA:84,8
DA:85,8
LF:15
LH:14
BRDA:81,0,0,2
BRDA:81,0,1,6
BRDA:84,1,0,2
BRDA:84,1,1,6
BRDA:93,2,0,8
BRDA:93,2,1,2
BRDA:122,3,0,8
BRDA:122,3,1,6
BRDA:137,4,0,8
BRDA:137,4,1,2
BRF:10
BRH:10
end_of_record
TN:
SF:src/components/molecules/DataGrid/DataGrid.js
FN:7,DataGrid
FNF:1
FNH:1
FNDA:1,DataGrid
DA:8,1
LF:1
LH:1
BRF:0
BRH:0
end_of_record
TN:
SF:src/components/molecules/DeleteButton/DeleteButton.js
FN:6,(anonymous_0)
FN:13,(anonymous_1)
FNF:2
FNH:2
FNDA:1,(anonymous_0)
FNDA:1,(anonymous_1)
DA:6,1
DA:13,1
DA:14,1
DA:15,1
DA:16,1
LF:5
LH:5
BRF:0
BRH:0
end_of_record
TN:
SF:src/components/molecules/Department/DepartmentsAdd.js
FN:189,DepartmentsAdd
FN:197,(anonymous_1)
FN:201,(anonymous_2)
FN:212,(anonymous_3)
FN:214,(anonymous_4)
FN:214,(anonymous_5)
FN:217,(anonymous_6)
FN:245,(anonymous_7)
FN:260,(anonymous_8)
FNF:9
FNH:7
FNDA:50,DepartmentsAdd
FNDA:0,(anonymous_1)
FNDA:1,(anonymous_2)
FNDA:1,(anonymous_3)
FNDA:2,(anonymous_4)
FNDA:0,(anonymous_5)
FNDA:1,(anonymous_6)
FNDA:2,(anonymous_7)
FNDA:150,(anonymous_8)
DA:14,4
DA:196,50
DA:197,50
DA:198,0
DA:201,50
DA:202,1
DA:205,50
DA:210,50
DA:211,50
DA:212,50
DA:214,50
DA:215,0
DA:217,50
DA:218,1
DA:224,50
DA:246,2
DA:261,150
LF:17
LH:15
BRDA:228,0,0,20
BRDA:228,0,1,30
BRDA:237,1,0,50
BRDA:237,1,1,2
BRDA:266,2,0,50
BRDA:266,2,1,3
BRF:6
BRH:6
end_of_record
TN:
SF:src/components/molecules/Dropdown/Dropdown.js
FN:5,(anonymous_0)
FN:18,(anonymous_1)
FN:19,(anonymous_2)
FN:34,(anonymous_3)
FNF:4
FNH:4
FNDA:8,(anonymous_0)
FNDA:40,(anonymous_1)
FNDA:1,(anonymous_2)
FNDA:56,(anonymous_3)
DA:5,8
DA:18,8
DA:19,40
DA:20,1
DA:22,40
DA:35,56
DA:45,8
DA:59,8
LF:8
LH:8
BRF:0
BRH:0
end_of_record
TN:
SF:src/components/molecules/GraphCard/GraphCard.js
FN:7,(anonymous_0)
FN:42,(anonymous_1)
FNF:2
FNH:2
FNDA:4,(anonymous_0)
FNDA:17,(anonymous_1)
DA:7,4
DA:42,4
DA:43,17
DA:44,17
LF:4
LH:4
BRDA:66,0,0,17
BRDA:66,0,1,17
BRDA:73,1,0,4
BRDA:73,1,1,13
BRDA:75,2,0,5
BRDA:75,2,1,8
BRDA:81,3,0,4
BRDA:81,3,1,13
BRDA:83,4,0,5
BRDA:83,4,1,8
BRF:10
BRH:10
end_of_record
TN:
SF:src/components/molecules/SideNavigationBar/SideNavigationBar.js
FN:8,(anonymous_0)
FN:42,(anonymous_1)
FN:47,(anonymous_2)
FN:47,(anonymous_3)
FN:60,(anonymous_4)
FNF:5
FNH:5
FNDA:5,(anonymous_0)
FNDA:38,(anonymous_1)
FNDA:152,(anonymous_2)
FNDA:2,(anonymous_3)
FNDA:152,(anonymous_4)
DA:8,5
DA:42,5
DA:43,38
DA:45,38
DA:47,152
DA:48,2
DA:49,1
DA:50,1
DA:54,38
DA:61,152
DA:81,5
DA:85,5
LF:12
LH:12
BRDA:48,0,0,1
BRDA:48,0,1,1
BRDA:66,1,0,152
BRDA:66,1,1,38
BRF:4
BRH:4
end_of_record
TN:
SF:src/components/organisms/AccessGrid/AccessGrid.js
FN:19,(anonymous_0)
FN:36,(anonymous_1)
FN:52,(anonymous_2)
FN:57,(anonymous_3)
FN:78,(anonymous_4)
FN:79,(anonymous_5)
FN:88,(anonymous_6)
FN:99,(anonymous_7)
FN:102,(anonymous_8)
FN:107,(anonymous_9)
FN:111,(anonymous_10)
FN:117,(anonymous_11)
FN:130,(anonymous_12)
FN:134,(anonymous_13)
FN:138,(anonymous_14)
FN:139,(anonymous_15)
FN:146,(anonymous_16)
FN:148,(anonymous_17)
FN:155,createNewTrustGroup
FN:157,(anonymous_19)
FN:163,(anonymous_20)
FN:168,(anonymous_21)
FN:191,(anonymous_22)
FN:195,(anonymous_23)
FN:198,(anonymous_24)
FN:272,(anonymous_25)
FN:273,(anonymous_26)
FNF:27
FNH:9
FNDA:2,(anonymous_0)
FNDA:47,(anonymous_1)
FNDA:1,(anonymous_2)
FNDA:0,(anonymous_3)
FNDA:0,(anonymous_4)
FNDA:0,(anonymous_5)
FNDA:0,(anonymous_6)
FNDA:0,(anonymous_7)
FNDA:0,(anonymous_8)
FNDA:0,(anonymous_9)
FNDA:0,(anonymous_10)
FNDA:15,(anonymous_11)
FNDA:15,(anonymous_12)
FNDA:10,(anonymous_13)
FNDA:10,(anonymous_14)
FNDA:8,(anonymous_15)
FNDA:0,(anonymous_16)
FNDA:0,(anonymous_17)
FNDA:0,createNewTrustGroup
FNDA:0,(anonymous_19)
FNDA:0,(anonymous_20)
FNDA:0,(anonymous_21)
FNDA:1,(anonymous_22)
FNDA:0,(anonymous_23)
FNDA:0,(anonymous_24)
FNDA:0,(anonymous_25)
FNDA:0,(anonymous_26)
DA:19,3
DA:36,3
DA:46,47
DA:47,47
DA:48,47
DA:50,47
DA:52,47
DA:53,1
DA:54,1
DA:57,47
DA:58,0
DA:60,0
DA:61,0
DA:63,0
DA:69,0
DA:70,0
DA:72,0
DA:77,0
DA:78,0
DA:79,0
DA:80,0
DA:82,0
DA:84,0
DA:88,47
DA:89,0
DA:90,0
DA:91,0
DA:92,0
DA:93,0
DA:94,0
DA:95,0
DA:96,0
DA:99,47
DA:100,0
DA:102,0
DA:107,47
DA:108,0
DA:109,0
DA:111,0
DA:117,47
DA:118,15
DA:119,15
DA:123,13
DA:124,4
DA:126,9
DA:130,47
DA:131,15
DA:134,47
DA:135,10
DA:138,47
DA:139,10
DA:140,8
DA:141,8
DA:142,8
DA:146,47
DA:147,0
DA:148,0
DA:149,0
DA:150,0
DA:151,0
DA:156,0
DA:157,0
DA:158,0
DA:160,0
DA:163,47
DA:164,0
DA:165,0
DA:168,47
DA:169,0
DA:170,0
DA:174,47
DA:191,1
DA:196,0
DA:199,0
DA:265,3
DA:271,3
LF:76
LH:35
BRDA:169,0,0,0
BRDA:169,0,1,0
BRDA:178,1,0,0
BRDA:178,1,1,47
BRF:4
BRH:1
end_of_record
TN:
SF:src/components/organisms/ChipDropdown/ChipDropdown.js
FN:9,(anonymous_0)
FN:38,(anonymous_1)
FN:53,(anonymous_2)
FN:58,(anonymous_3)
FN:58,(anonymous_4)
FN:67,(anonymous_5)
FN:81,(anonymous_6)
FNF:7
FNH:4
FNDA:1,(anonymous_0)
FNDA:5,(anonymous_1)
FNDA:1,(anonymous_2)
FNDA:0,(anonymous_3)
FNDA:0,(anonymous_4)
FNDA:1,(anonymous_5)
FNDA:0,(anonymous_6)
DA:9,6
DA:38,6
DA:50,5
DA:51,5
DA:53,5
DA:54,1
DA:57,5
DA:58,0
DA:59,0
DA:60,0
DA:61,0
DA:65,5
DA:67,1
DA:82,0
DA:104,6
DA:108,6
LF:16
LH:11
BRDA:68,0,0,0
BRDA:68,0,1,5
BRDA:71,1,0,0
BRDA:71,1,1,0
BRDA:71,1,2,0
BRDA:79,2,0,5
BRDA:79,2,1,1
BRDA:90,3,0,0
BRDA:90,3,1,0
BRDA:90,3,2,0
BRF:10
BRH:3
end_of_record
TN:
SF:src/components/organisms/CollabModal/CollabModal.js
FN:5,CollabModal
FN:8,(anonymous_1)
FN:11,(anonymous_2)
FN:14,(anonymous_3)
FNF:4
FNH:4
FNDA:8,CollabModal
FNDA:1,(anonymous_1)
FNDA:1,(anonymous_2)
FNDA:1,(anonymous_3)
DA:6,8
DA:8,8
DA:9,1
DA:11,8
DA:12,1
DA:14,8
DA:15,1
DA:17,8
LF:8
LH:8
BRF:0
BRH:0
end_of_record
TN:
SF:src/components/organisms/DomainGrid/DomainGrid.js
FN:16,(anonymous_0)
FN:47,(anonymous_1)
FN:63,(anonymous_2)
FN:68,(anonymous_3)
FN:76,(anonymous_4)
FN:98,(anonymous_5)
FN:100,(anonymous_6)
FN:111,(anonymous_7)
FN:112,(anonymous_8)
FN:115,(anonymous_9)
FN:131,(anonymous_10)
FN:138,createNewRowData
FN:152,(anonymous_12)
FN:158,(anonymous_13)
FN:163,(anonymous_14)
FN:168,(anonymous_15)
FN:169,(anonymous_16)
FN:177,(anonymous_17)
FN:179,(anonymous_18)
FN:186,(anonymous_19)
FN:206,(anonymous_20)
FN:214,(anonymous_21)
FN:263,(anonymous_22)
FN:310,(anonymous_23)
FNF:24
FNH:10
FNDA:3,(anonymous_0)
FNDA:44,(anonymous_1)
FNDA:1,(anonymous_2)
FNDA:0,(anonymous_3)
FNDA:0,(anonymous_4)
FNDA:0,(anonymous_5)
FNDA:0,(anonymous_6)
FNDA:0,(anonymous_7)
FNDA:0,(anonymous_8)
FNDA:0,(anonymous_9)
FNDA:20,(anonymous_10)
FNDA:1,createNewRowData
FNDA:1,(anonymous_12)
FNDA:0,(anonymous_13)
FNDA:1,(anonymous_14)
FNDA:13,(anonymous_15)
FNDA:10,(anonymous_16)
FNDA:0,(anonymous_17)
FNDA:0,(anonymous_18)
FNDA:0,(anonymous_19)
FNDA:0,(anonymous_20)
FNDA:1,(anonymous_21)
FNDA:0,(anonymous_22)
FNDA:0,(anonymous_23)
DA:16,4
DA:47,4
DA:59,44
DA:60,44
DA:61,44
DA:63,44
DA:64,1
DA:65,1
DA:68,44
DA:69,0
DA:76,44
DA:77,0
DA:78,0
DA:98,44
DA:99,0
DA:100,0
DA:101,0
DA:102,0
DA:104,0
DA:111,0
DA:113,0
DA:116,0
DA:120,0
DA:131,44
DA:132,20
DA:133,20
DA:135,0
DA:139,1
DA:149,1
DA:152,44
DA:153,1
DA:154,1
DA:155,0
DA:158,0
DA:160,0
DA:163,44
DA:164,1
DA:165,1
DA:168,44
DA:169,13
DA:170,10
DA:171,10
DA:172,10
DA:177,44
DA:178,0
DA:179,0
DA:180,0
DA:181,0
DA:182,0
DA:186,44
DA:187,0
DA:188,0
DA:194,0
DA:200,0
DA:201,0
DA:202,0
DA:203,0
DA:204,0
DA:205,0
DA:206,0
DA:207,0
DA:209,0
DA:214,44
DA:215,1
DA:216,1
DA:217,1
DA:218,0
DA:221,1
DA:222,0
DA:224,1
DA:225,0
DA:227,1
DA:231,44
DA:233,44
DA:264,0
DA:309,4
DA:310,4
LF:77
LH:40
BRDA:101,0,0,0
BRDA:101,0,1,0
BRDA:132,1,0,20
BRDA:132,1,1,0
BRDA:187,2,0,0
BRDA:187,2,1,0
BRDA:215,3,0,1
BRDA:215,3,1,0
BRDA:217,4,0,0
BRDA:217,4,1,1
BRDA:221,5,0,0
BRDA:221,5,1,1
BRDA:224,6,0,0
BRDA:224,6,1,1
BRF:14
BRH:5
end_of_record
TN:
SF:src/components/organisms/Insights/Insights.js
FN:21,(anonymous_0)
FN:35,(anonymous_1)
FNF:2
FNH:2
FNDA:5,(anonymous_0)
FNDA:16,(anonymous_1)
DA:6,3
DA:21,3
DA:22,5
DA:23,4
DA:36,16
LF:5
LH:5
BRF:0
BRH:0
end_of_record
TN:
SF:src/components/organisms/RelationshipCard/RelationshipCard.js
FN:9,(anonymous_0)
FN:36,(anonymous_1)
FN:79,(anonymous_2)
FNF:3
FNH:3
FNDA:4,(anonymous_0)
FNDA:12,(anonymous_1)
FNDA:22,(anonymous_2)
DA:9,4
DA:36,4
DA:37,12
DA:80,22
DA:89,4
DA:93,4
LF:6
LH:6
BRDA:39,0,0,12
BRDA:39,0,1,3
BRF:2
BRH:2
end_of_record
TN:
SF:src/components/organisms/RelationshipGrid/RelationshipGrid.js
FN:18,(anonymous_0)
FN:49,(anonymous_1)
FN:65,(anonymous_2)
FN:68,(anonymous_3)
FN:73,(anonymous_4)
FN:81,(anonymous_5)
FN:83,(anonymous_6)
FN:89,(anonymous_7)
FN:90,(anonymous_8)
FN:93,(anonymous_9)
FN:109,(anonymous_10)
FN:116,createNewRowData
FN:130,(anonymous_12)
FN:142,(anonymous_13)
FN:148,(anonymous_14)
FN:153,(anonymous_15)
FN:154,(anonymous_16)
FN:162,(anonymous_17)
FN:164,(anonymous_18)
FN:171,(anonymous_19)
FN:212,(anonymous_20)
FN:256,(anonymous_21)
FNF:22
FNH:11
FNDA:2,(anonymous_0)
FNDA:107,(anonymous_1)
FNDA:150,(anonymous_2)
FNDA:1,(anonymous_3)
FNDA:0,(anonymous_4)
FNDA:0,(anonymous_5)
FNDA:0,(anonymous_6)
FNDA:0,(anonymous_7)
FNDA:0,(anonymous_8)
FNDA:0,(anonymous_9)
FNDA:63,(anonymous_10)
FNDA:1,createNewRowData
FNDA:1,(anonymous_12)
FNDA:0,(anonymous_13)
FNDA:1,(anonymous_14)
FNDA:43,(anonymous_15)
FNDA:41,(anonymous_16)
FNDA:0,(anonymous_17)
FNDA:0,(anonymous_18)
FNDA:1,(anonymous_19)
FNDA:0,(anonymous_20)
FNDA:0,(anonymous_21)
DA:18,3
DA:49,3
DA:62,107
DA:63,107
DA:65,150
DA:66,107
DA:68,107
DA:69,1
DA:70,1
DA:73,107
DA:74,0
DA:81,107
DA:82,0
DA:83,0
DA:84,0
DA:85,0
DA:89,0
DA:91,0
DA:94,0
DA:98,0
DA:109,107
DA:110,63
DA:111,63
DA:113,0
DA:117,1
DA:127,1
DA:130,107
DA:131,1
DA:132,1
DA:133,0
DA:136,0
DA:142,0
DA:144,0
DA:148,107
DA:149,1
DA:150,1
DA:153,107
DA:154,43
DA:155,41
DA:156,41
DA:157,41
DA:162,107
DA:163,0
DA:164,0
DA:165,0
DA:166,0
DA:167,0
DA:171,107
DA:172,1
DA:173,1
DA:174,1
DA:175,0
DA:178,1
DA:179,0
DA:181,1
DA:184,107
DA:213,0
DA:255,3
DA:256,3
LF:59
LH:37
BRDA:84,0,0,0
BRDA:84,0,1,0
BRDA:110,1,0,63
BRDA:110,1,1,0
BRDA:172,2,0,1
BRDA:172,2,1,0
BRDA:174,3,0,0
BRDA:174,3,1,1
BRDA:178,4,0,0
BRDA:178,4,1,1
BRDA:188,5,0,50
BRDA:188,5,1,57
BRF:12
BRH:6
end_of_record
TN:
SF:src/components/organisms/Table/Table.js
FN:17,(anonymous_0)
FN:63,(anonymous_1)
FN:74,(anonymous_2)
FN:84,(anonymous_3)
FN:86,(anonymous_4)
FN:87,(anonymous_5)
FN:90,(anonymous_6)
FN:91,(anonymous_7)
FN:92,(anonymous_8)
FN:97,(anonymous_9)
FN:100,(anonymous_10)
FN:110,(anonymous_11)
FN:110,(anonymous_12)
FN:125,(anonymous_13)
FN:161,(anonymous_14)
FN:169,(anonymous_15)
FN:175,(anonymous_16)
FN:177,(anonymous_17)
FN:186,(anonymous_18)
FN:207,(anonymous_19)
FN:211,(anonymous_20)
FN:216,(anonymous_21)
FN:216,(anonymous_22)
FN:219,(anonymous_23)
FN:246,(anonymous_24)
FN:262,(anonymous_25)
FN:349,(anonymous_26)
FN:350,(anonymous_27)
FNF:28
FNH:16
FNDA:1,(anonymous_0)
FNDA:1,(anonymous_1)
FNDA:22,(anonymous_2)
FNDA:1,(anonymous_3)
FNDA:0,(anonymous_4)
FNDA:22,(anonymous_5)
FNDA:1,(anonymous_6)
FNDA:11,(anonymous_7)
FNDA:22,(anonymous_8)
FNDA:11,(anonymous_9)
FNDA:1,(anonymous_10)
FNDA:8,(anonymous_11)
FNDA:0,(anonymous_12)
FNDA:8,(anonymous_13)
FNDA:1,(anonymous_14)
FNDA:0,(anonymous_15)
FNDA:0,(anonymous_16)
FNDA:0,(anonymous_17)
FNDA:0,(anonymous_18)
FNDA:0,(anonymous_19)
FNDA:0,(anonymous_20)
FNDA:10,(anonymous_21)
FNDA:0,(anonymous_22)
FNDA:10,(anonymous_23)
FNDA:10,(anonymous_24)
FNDA:0,(anonymous_25)
FNDA:0,(anonymous_26)
FNDA:0,(anonymous_27)
DA:17,1
DA:63,1
DA:72,1
DA:74,1
DA:75,22
DA:76,0
DA:78,22
DA:79,0
DA:81,22
DA:84,1
DA:85,1
DA:86,0
DA:87,22
DA:90,1
DA:91,11
DA:92,1
DA:93,22
DA:94,22
DA:95,22
DA:97,11
DA:100,1
DA:110,8
DA:111,0
DA:114,1
DA:126,8
DA:150,1
DA:161,1
DA:162,1
DA:163,1
DA:164,1
DA:165,1
DA:166,1
DA:167,1
DA:169,1
DA:170,0
DA:171,0
DA:172,0
DA:175,1
DA:176,0
DA:177,0
DA:178,0
DA:179,0
DA:180,0
DA:182,0
DA:183,0
DA:186,1
DA:187,0
DA:188,0
DA:190,0
DA:191,0
DA:192,0
DA:193,0
DA:194,0
DA:195,0
DA:196,0
DA:197,0
DA:203,0
DA:204,0
DA:207,1
DA:208,0
DA:211,1
DA:212,0
DA:213,0
DA:216,10
DA:217,0
DA:219,10
DA:221,1
DA:223,1
DA:247,10
DA:248,10
DA:250,10
DA:262,0
DA:340,1
DA:346,1
LF:74
LH:43
BRDA:75,0,0,0
BRDA:75,0,1,22
BRDA:78,1,0,0
BRDA:78,1,1,22
BRDA:85,2,0,0
BRDA:85,2,1,1
BRDA:94,3,0,0
BRDA:94,3,1,22
BRDA:119,4,0,1
BRDA:119,4,1,0
BRDA:120,5,0,1
BRDA:120,5,1,1
BRDA:128,6,0,1
BRDA:128,6,1,7
BRDA:129,7,0,0
BRDA:129,7,1,8
BRDA:133,8,0,0
BRDA:133,8,1,8
BRDA:137,9,0,0
BRDA:137,9,1,8
BRDA:139,10,0,0
BRDA:139,10,1,0
BRDA:170,11,0,0
BRDA:170,11,1,0
BRDA:171,12,0,0
BRDA:171,12,1,0
BRDA:176,13,0,0
BRDA:176,13,1,0
BRDA:190,14,0,0
BRDA:190,14,1,0
BRDA:192,15,0,0
BRDA:192,15,1,0
BRDA:194,16,0,0
BRDA:194,16,1,0
BRDA:196,17,0,0
BRDA:196,17,1,0
BRDA:279,18,0,5
BRDA:279,18,1,5
BRDA:286,19,0,5
BRDA:286,19,1,5
BRDA:293,20,0,5
BRDA:293,20,1,5
BRDA:303,21,0,5
BRDA:303,21,1,5
BRDA:320,22,0,1
BRDA:320,22,1,0
BRF:46
BRH:21
end_of_record
TN:
SF:src/components/organisms/Topbar/Topbar.js
FN:20,(anonymous_0)
FN:40,(anonymous_1)
FN:46,(anonymous_2)
FN:53,(anonymous_3)
FN:57,handleListKeyDown
FN:122,(anonymous_5)
FN:136,(anonymous_6)
FNF:7
FNH:4
FNDA:5,(anonymous_0)
FNDA:43,(anonymous_1)
FNDA:0,(anonymous_2)
FNDA:1,(anonymous_3)
FNDA:0,handleListKeyDown
FNDA:2,(anonymous_5)
FNDA:0,(anonymous_6)
DA:20,5
DA:40,5
DA:41,43
DA:43,43
DA:44,43
DA:45,43
DA:46,43
DA:47,0
DA:48,0
DA:51,0
DA:53,43
DA:54,1
DA:58,0
DA:59,0
DA:60,0
DA:64,43
DA:123,2
DA:136,0
LF:18
LH:11
BRDA:47,0,0,0
BRDA:47,0,1,0
BRDA:47,1,0,0
BRDA:47,1,1,0
BRDA:58,2,0,0
BRDA:58,2,1,0
BRDA:101,3,0,1
BRDA:101,3,1,42
BRDA:126,4,0,2
BRDA:126,4,1,0
BRF:10
BRH:3
end_of_record
TN:
SF:src/components/templates/AccessPanel/AccessPanel.js
FN:7,(anonymous_0)
FN:9,(anonymous_1)
FNF:2
FNH:2
FNDA:3,(anonymous_0)
FNDA:33,(anonymous_1)
DA:7,3
DA:9,3
DA:10,33
DA:26,3
DA:29,3
LF:5
LH:5
BRF:0
BRH:0
end_of_record
TN:
SF:src/components/templates/Dashboard/Dashboard.js
FN:20,(anonymous_0)
FN:50,(anonymous_1)
FN:54,(anonymous_2)
FN:64,(anonymous_3)
FN:65,(anonymous_4)
FN:67,(anonymous_5)
FN:68,(anonymous_6)
FN:70,(anonymous_7)
FN:71,(anonymous_8)
FN:114,(anonymous_9)
FN:115,(anonymous_10)
FN:130,(anonymous_11)
FN:131,(anonymous_12)
FNF:13
FNH:3
FNDA:2,(anonymous_0)
FNDA:3,(anonymous_1)
FNDA:3,(anonymous_2)
FNDA:0,(anonymous_3)
FNDA:0,(anonymous_4)
FNDA:0,(anonymous_5)
FNDA:0,(anonymous_6)
FNDA:0,(anonymous_7)
FNDA:0,(anonymous_8)
FNDA:0,(anonymous_9)
FNDA:0,(anonymous_10)
FNDA:0,(anonymous_11)
FNDA:0,(anonymous_12)
DA:20,2
DA:50,2
DA:51,3
DA:52,3
DA:53,3
DA:54,3
DA:55,3
DA:56,3
DA:59,3
DA:60,3
DA:61,3
DA:62,3
DA:64,3
DA:65,0
DA:67,3
DA:68,0
DA:70,3
DA:71,0
DA:73,3
DA:115,0
DA:131,0
DA:141,2
DA:144,2
LF:23
LH:18
BRDA:55,0,0,0
BRDA:55,0,1,3
BRF:2
BRH:1
end_of_record
TN:
SF:src/components/templates/DetailsCard/DetailsCard.js
FN:13,(anonymous_0)
FN:51,(anonymous_1)
FN:54,(anonymous_2)
FN:57,(anonymous_3)
FNF:4
FNH:2
FNDA:1,(anonymous_0)
FNDA:1,(anonymous_1)
FNDA:0,(anonymous_2)
FNDA:0,(anonymous_3)
DA:13,1
DA:51,1
DA:52,1
DA:54,1
DA:55,0
DA:57,1
DA:58,0
DA:60,1
DA:61,1
DA:62,1
DA:205,1
DA:208,1
LF:12
LH:10
BRDA:68,0,0,1
BRDA:68,0,1,0
BRDA:85,1,0,1
BRDA:85,1,1,1
BRDA:108,2,0,1
BRDA:108,2,1,1
BRDA:138,3,0,1
BRDA:138,3,1,0
BRDA:145,4,0,1
BRDA:145,4,1,0
BRDA:148,5,0,1
BRDA:148,5,1,1
BRF:12
BRH:9
end_of_record
TN:
SF:src/components/templates/DialogTemplate/AddNewDeptTemplate.js
FN:10,AddNewDeptTemplate
FN:12,(anonymous_1)
FN:18,(anonymous_2)
FNF:3
FNH:3
FNDA:54,AddNewDeptTemplate
FNDA:1,(anonymous_1)
FNDA:1,(anonymous_2)
DA:12,54
DA:13,1
DA:14,1
DA:17,54
DA:18,54
DA:19,1
DA:23,54
LF:7
LH:7
BRF:0
BRH:0
end_of_record
TN:
SF:src/components/templates/DialogTemplate/AddNewRowTemplateDG.js
FN:10,AddNewRowTemplateDG
FN:11,(anonymous_1)
FN:20,(anonymous_2)
FN:24,(anonymous_3)
FN:28,(anonymous_4)
FNF:5
FNH:5
FNDA:7,AddNewRowTemplateDG
FNDA:1,(anonymous_1)
FNDA:1,(anonymous_2)
FNDA:1,(anonymous_3)
FNDA:1,(anonymous_4)
DA:11,7
DA:12,1
DA:13,1
DA:16,7
DA:17,7
DA:18,7
DA:20,7
DA:21,1
DA:24,7
DA:25,1
DA:28,7
DA:29,1
DA:32,7
LF:13
LH:13
BRF:0
BRH:0
end_of_record
TN:
SF:src/components/templates/DialogTemplate/AddNewRowTemplateTG.js
FN:10,AddNewRowTemplateTG
FN:12,(anonymous_1)
FN:23,(anonymous_2)
FN:27,(anonymous_3)
FN:31,(anonymous_4)
FNF:5
FNH:5
FNDA:8,AddNewRowTemplateTG
FNDA:1,(anonymous_1)
FNDA:1,(anonymous_2)
FNDA:1,(anonymous_3)
FNDA:1,(anonymous_4)
DA:12,8
DA:13,1
DA:14,1
DA:18,8
DA:19,7
DA:20,7
DA:23,7
DA:24,1
DA:27,7
DA:28,1
DA:31,7
DA:32,1
DA:36,7
LF:13
LH:13
BRF:0
BRH:0
end_of_record
TN:
SF:src/components/templates/DialogTemplate/AddNewTabTemplate.js
FN:9,AddNewTabTemplate
FN:10,(anonymous_1)
FN:16,(anonymous_2)
FNF:3
FNH:3
FNDA:49,AddNewTabTemplate
FNDA:1,(anonymous_1)
FNDA:1,(anonymous_2)
DA:10,49
DA:11,1
DA:12,1
DA:15,49
DA:16,49
DA:17,1
DA:20,49
LF:7
LH:7
BRF:0
BRH:0
end_of_record
TN:
SF:src/components/templates/DialogTemplate/CollabCardsDialogTemplate.js
FN:25,(anonymous_0)
FN:38,(anonymous_1)
FN:52,(anonymous_2)
FN:58,(anonymous_3)
FN:61,(anonymous_4)
FN:76,(anonymous_5)
FN:76,(anonymous_6)
FN:81,(anonymous_7)
FN:89,(anonymous_8)
FN:106,(anonymous_9)
FNF:10
FNH:6
FNDA:4,(anonymous_0)
FNDA:6,(anonymous_1)
FNDA:4,(anonymous_2)
FNDA:22,(anonymous_3)
FNDA:0,(anonymous_4)
FNDA:0,(anonymous_5)
FNDA:0,(anonymous_6)
FNDA:10,(anonymous_7)
FNDA:10,(anonymous_8)
FNDA:0,(anonymous_9)
DA:16,5
DA:25,5
DA:38,5
DA:39,6
DA:40,6
DA:52,5
DA:58,5
DA:59,22
DA:61,22
DA:62,0
DA:63,0
DA:64,0
DA:65,0
DA:66,0
DA:67,0
DA:68,0
DA:69,0
DA:70,0
DA:72,0
DA:76,22
DA:77,0
DA:79,22
DA:81,22
DA:82,10
DA:83,10
DA:84,2
DA:86,2
DA:89,22
DA:90,10
DA:93,22
DA:107,0
LF:31
LH:19
BRDA:43,0,0,6
BRDA:43,0,1,0
BRF:2
BRH:1
end_of_record
TN:
SF:src/components/templates/LandingPageTemplate/LandingPageTemplate.js
FN:4,LandingPageTemplate
FNF:1
FNH:1
FNDA:2,LandingPageTemplate
DA:5,2
LF:1
LH:1
BRDA:9,0,0,2
BRDA:9,0,1,1
BRDA:9,0,2,1
BRDA:14,1,0,2
BRDA:14,1,1,1
BRDA:14,1,2,1
BRDA:17,2,0,2
BRDA:17,2,1,1
BRDA:17,2,2,1
BRF:9
BRH:9
end_of_record
TN:
SF:src/components/templates/Tabs/Tabs.js
FN:10,(anonymous_0)
FN:120,(anonymous_1)
FN:137,(anonymous_2)
FN:141,(anonymous_3)
FN:145,(anonymous_4)
FN:150,(anonymous_5)
FN:157,(anonymous_6)
FN:160,(anonymous_7)
FN:193,(anonymous_8)
FN:223,(anonymous_9)
FNF:10
FNH:9
FNDA:2,(anonymous_0)
FNDA:44,(anonymous_1)
FNDA:1,(anonymous_2)
FNDA:1,(anonymous_3)
FNDA:1,(anonymous_4)
FNDA:1,(anonymous_5)
FNDA:183,(anonymous_6)
FNDA:1,(anonymous_7)
FNDA:178,(anonymous_8)
FNDA:0,(anonymous_9)
DA:10,3
DA:120,3
DA:132,44
DA:133,44
DA:134,44
DA:135,44
DA:137,44
DA:138,1
DA:141,44
DA:142,1
DA:145,44
DA:146,1
DA:147,1
DA:150,44
DA:151,1
DA:153,44
DA:158,183
DA:160,1
DA:194,178
DA:215,3
DA:221,3
LF:21
LH:21
BRDA:156,0,0,44
BRDA:156,0,1,43
BRDA:163,1,0,183
BRDA:163,1,1,43
BRDA:164,2,0,183
BRDA:164,2,1,140
BRDA:189,3,0,44
BRDA:189,3,1,44
BRDA:192,4,0,44
BRDA:192,4,1,38
BRDA:205,5,0,0
BRDA:205,5,1,44
BRF:12
BRH:11
end_of_record
TN:
SF:src/components/templates/TabsCard/TabsCard.js
FN:6,(anonymous_0)
FN:22,(anonymous_1)
FN:24,(anonymous_2)
FN:31,(anonymous_3)
FN:35,(anonymous_4)
FN:47,(anonymous_5)
FNF:6
FNH:4
FNDA:3,(anonymous_0)
FNDA:4,(anonymous_1)
FNDA:0,(anonymous_2)
FNDA:8,(anonymous_3)
FNDA:0,(anonymous_4)
FNDA:8,(anonymous_5)
DA:6,3
DA:22,3
DA:23,4
DA:24,4
DA:25,0
DA:28,4
DA:32,8
DA:36,0
DA:48,8
DA:56,3
DA:59,3
LF:11
LH:9
BRDA:34,0,0,8
BRDA:34,0,1,4
BRF:2
BRH:2
end_of_record
TN:
SF:src/pages/CommandCenter/CommandCenter.js
FN:15,(anonymous_0)
FN:17,(anonymous_1)
FN:24,(anonymous_2)
FN:27,(anonymous_3)
FN:32,(anonymous_4)
FN:35,(anonymous_5)
FN:41,(anonymous_6)
FN:43,(anonymous_7)
FN:51,(anonymous_8)
FN:52,(anonymous_9)
FN:61,(anonymous_10)
FN:72,(anonymous_11)
FN:76,(anonymous_12)
FN:76,(anonymous_13)
FN:82,(anonymous_14)
FN:94,(anonymous_15)
FN:108,(anonymous_16)
FN:113,(anonymous_17)
FN:117,(anonymous_18)
FN:146,(anonymous_19)
FN:180,(anonymous_20)
FNF:21
FNH:19
FNDA:1,(anonymous_0)
FNDA:33,(anonymous_1)
FNDA:0,(anonymous_2)
FNDA:1,(anonymous_3)
FNDA:1,(anonymous_4)
FNDA:1,(anonymous_5)
FNDA:1,(anonymous_6)
FNDA:0,(anonymous_7)
FNDA:1,(anonymous_8)
FNDA:1,(anonymous_9)
FNDA:4,(anonymous_10)
FNDA:4,(anonymous_11)
FNDA:4,(anonymous_12)
FNDA:16,(anonymous_13)
FNDA:9,(anonymous_14)
FNDA:1,(anonymous_15)
FNDA:4,(anonymous_16)
FNDA:9,(anonymous_17)
FNDA:2,(anonymous_18)
FNDA:164,(anonymous_19)
FNDA:98,(anonymous_20)
DA:15,2
DA:17,2
DA:18,33
DA:19,33
DA:20,33
DA:21,33
DA:22,33
DA:24,33
DA:27,33
DA:28,1
DA:29,1
DA:32,33
DA:33,1
DA:34,1
DA:35,1
DA:37,0
DA:41,33
DA:42,1
DA:43,1
DA:44,1
DA:45,1
DA:46,1
DA:51,1
DA:52,1
DA:54,0
DA:57,0
DA:61,33
DA:62,4
DA:63,4
DA:64,4
DA:65,4
DA:66,4
DA:68,0
DA:72,33
DA:73,4
DA:74,4
DA:75,4
DA:76,16
DA:78,0
DA:82,33
DA:83,9
DA:84,9
DA:88,9
DA:90,0
DA:94,33
DA:95,1
DA:101,1
DA:102,1
DA:104,0
DA:108,33
DA:109,4
DA:110,4
DA:113,33
DA:114,9
DA:117,33
DA:118,2
DA:125,1
DA:126,1
DA:128,1
DA:129,1
DA:131,0
DA:135,33
DA:147,164
DA:148,33
DA:160,131
DA:161,33
DA:175,98
DA:180,98
DA:194,2
DA:195,2
LF:70
LH:62
BRDA:44,0,0,1
BRDA:44,0,1,0
BRDA:147,1,0,33
BRDA:147,1,1,131
BRDA:160,2,0,33
BRDA:160,2,1,98
BRF:6
BRH:5
end_of_record
TN:
SF:src/pages/LandingPage/LandingPage.js
FN:9,(anonymous_0)
FN:37,LandingPage
FN:40,(anonymous_2)
FNF:3
FNH:2
FNDA:1,(anonymous_0)
FNDA:2,LandingPage
FNDA:0,(anonymous_2)
DA:9,2
DA:38,2
DA:39,1
DA:40,1
DA:41,0
DA:43,1
DA:48,1
LF:7
LH:6
BRF:0
BRH:0
end_of_record
TN:
SF:src/pages/LoginPage/LoginPage.js
FN:5,(anonymous_0)
FN:19,LoginPage
FN:31,(anonymous_2)
FN:61,(anonymous_3)
FNF:4
FNH:3
FNDA:1,(anonymous_0)
FNDA:3,LoginPage
FNDA:0,(anonymous_2)
FNDA:1,(anonymous_3)
DA:5,2
DA:26,3
DA:28,3
DA:31,3
DA:32,0
DA:37,3
DA:61,1
LF:7
LH:6
BRDA:42,0,0,0
BRDA:42,0,1,3
BRDA:44,1,0,3
BRDA:44,1,1,3
BRDA:60,2,0,3
BRDA:60,2,1,0
BRDA:61,3,0,1
BRDA:61,3,1,0
BRF:8
BRH:5
end_of_record
TN:
SF:src/redux/constants.js
FNF:0
FNH:0
DA:1,4
DA:2,4
DA:3,4
DA:4,4
LF:4
LH:4
BRF:0
BRH:0
end_of_record
TN:
SF:src/redux/store.js
FNF:0
FNH:0
DA:4,2
DA:6,2
LF:2
LH:2
BRF:0
BRH:0
end_of_record
TN:
SF:src/redux/actions/userActions.js
FN:3,(anonymous_0)
FN:9,(anonymous_1)
FN:14,(anonymous_2)
FNF:3
FNH:3
FNDA:1,(anonymous_0)
FNDA:1,(anonymous_1)
FNDA:1,(anonymous_2)
DA:3,3
DA:4,1
DA:9,3
DA:10,1
DA:14,3
DA:15,1
LF:6
LH:6
BRF:0
BRH:0
end_of_record
TN:
SF:src/redux/reducers/userReducer.js
FN:8,(anonymous_0)
FNF:1
FNH:1
FNDA:8,(anonymous_0)
DA:3,3
DA:8,3
DA:9,8
DA:11,1
DA:14,1
DA:17,0
DA:20,6
LF:7
LH:6
BRDA:8,0,0,6
BRDA:8,1,0,0
BRDA:9,2,0,1
BRDA:9,2,1,1
BRDA:9,2,2,0
BRDA:9,2,3,6
BRF:6
BRH:4
end_of_record
TN:
SF:src/services/CollaboratorService.js
FN:4,(anonymous_0)
FNF:1
FNH:1
FNDA:10,(anonymous_0)
DA:3,6
DA:5,10
DA:6,1
LF:3
LH:3
BRF:0
BRH:0
end_of_record
TN:
SF:src/services/DepartmentService.js
FN:4,(anonymous_0)
FN:8,(anonymous_1)
FNF:2
FNH:2
FNDA:2,(anonymous_0)
FNDA:2,(anonymous_1)
DA:3,3
DA:5,2
DA:6,1
DA:9,2
DA:10,1
LF:5
LH:5
BRF:0
BRH:0
end_of_record
TN:
SF:src/services/DomainService.js
FN:4,(anonymous_0)
FN:8,(anonymous_1)
FN:12,(anonymous_2)
FN:16,(anonymous_3)
FNF:4
FNH:4
FNDA:2,(anonymous_0)
FNDA:4,(anonymous_1)
FNDA:2,(anonymous_2)
FNDA:2,(anonymous_3)
DA:3,7
DA:5,2
DA:6,1
DA:9,4
DA:10,1
DA:13,2
DA:14,1
DA:17,2
DA:18,1
LF:9
LH:9
BRF:0
BRH:0
end_of_record
TN:
SF:src/services/GoogleSuiteService.js
FN:4,(anonymous_0)
FN:8,(anonymous_1)
FNF:2
FNH:1
FNDA:1,(anonymous_0)
FNDA:0,(anonymous_1)
DA:3,11
DA:5,1
DA:6,0
DA:9,0
DA:10,0
DA:11,0
LF:6
LH:2
BRF:0
BRH:0
end_of_record
TN:
SF:src/services/RelationshipService.js
FN:4,(anonymous_0)
FNF:1
FNH:1
FNDA:2,(anonymous_0)
DA:3,2
DA:5,2
DA:6,1
LF:3
LH:3
BRF:0
BRH:0
end_of_record
TN:
SF:src/services/TrustGroupService.js
FN:4,(anonymous_0)
FN:8,(anonymous_1)
FN:12,(anonymous_2)
FN:16,(anonymous_3)
FN:20,(anonymous_4)
FNF:5
FNH:5
FNDA:2,(anonymous_0)
FNDA:4,(anonymous_1)
FNDA:2,(anonymous_2)
FNDA:2,(anonymous_3)
FNDA:2,(anonymous_4)
DA:3,4
DA:5,2
DA:6,1
DA:9,4
DA:10,1
DA:13,2
DA:14,1
DA:17,2
DA:18,1
DA:21,2
DA:22,1
LF:11
LH:11
BRF:0
BRH:0
end_of_record
TN:
SF:src/utils/Strings.js
FNF:0
FNH:0
DA:1,17
DA:8,17
DA:10,17
DA:12,17
DA:18,17
DA:24,17
DA:29,17
DA:30,17
DA:31,17
DA:32,17
DA:33,17
DA:34,17
DA:35,17
DA:37,17
DA:38,17
DA:39,17
LF:16
LH:16
BRF:0
BRH:0
end_of_record
TN:
SF:src/utils/dashboardMockData.js
FNF:0
FNH:0
DA:3,3
DA:26,3
DA:40,3
DA:69,3
DA:117,3
DA:145,3
DA:175,3
LF:7
LH:7
BRF:0
BRH:0
end_of_record
TN:
SF:src/utils/helper.js
FN:3,(anonymous_0)
FN:4,(anonymous_1)
FN:13,(anonymous_2)
FN:14,(anonymous_3)
FN:19,(anonymous_4)
FN:20,(anonymous_5)
FN:26,(anonymous_6)
FN:27,(anonymous_7)
FN:35,(anonymous_8)
FN:36,(anonymous_9)
FN:38,(anonymous_10)
FN:47,(anonymous_11)
FN:49,(anonymous_12)
FN:50,(anonymous_13)
FN:74,(anonymous_14)
FN:95,(anonymous_15)
FN:96,(anonymous_16)
FN:111,(anonymous_17)
FN:113,(anonymous_18)
FN:119,(anonymous_19)
FN:121,(anonymous_20)
FN:130,(anonymous_21)
FNF:22
FNH:22
FNDA:1,(anonymous_0)
FNDA:1,(anonymous_1)
FNDA:1,(anonymous_2)
FNDA:1,(anonymous_3)
FNDA:2,(anonymous_4)
FNDA:1,(anonymous_5)
FNDA:1,(anonymous_6)
FNDA:1,(anonymous_7)
FNDA:14,(anonymous_8)
FNDA:41,(anonymous_9)
FNDA:41,(anonymous_10)
FNDA:12,(anonymous_11)
FNDA:16,(anonymous_12)
FNDA:4,(anonymous_13)
FNDA:4,(anonymous_14)
FNDA:1,(anonymous_15)
FNDA:5,(anonymous_16)
FNDA:3,(anonymous_17)
FNDA:6,(anonymous_18)
FNDA:1,(anonymous_19)
FNDA:5,(anonymous_20)
FNDA:3,(anonymous_21)
DA:3,6
DA:4,1
DA:13,6
DA:14,1
DA:19,6
DA:20,2
DA:21,1
DA:23,2
DA:26,6
DA:27,1
DA:35,6
DA:36,41
DA:38,14
DA:39,41
DA:40,40
DA:41,40
DA:42,40
DA:43,40
DA:44,40
DA:47,13
DA:48,12
DA:49,16
DA:50,4
DA:51,4
DA:52,1
DA:53,1
DA:54,1
DA:55,3
DA:56,1
DA:57,1
DA:58,1
DA:59,2
DA:60,1
DA:61,1
DA:62,1
DA:63,1
DA:64,1
DA:65,1
DA:66,1
DA:69,4
DA:71,5
DA:74,6
DA:75,4
DA:76,4
DA:77,4
DA:79,4
DA:80,1
DA:81,1
DA:82,3
DA:83,1
DA:84,1
DA:85,2
DA:86,1
DA:87,1
DA:88,1
DA:89,1
DA:90,1
DA:92,4
DA:95,6
DA:96,1
DA:97,5
DA:98,1
DA:99,4
DA:100,1
DA:101,3
DA:102,1
DA:103,2
DA:104,1
DA:106,1
DA:111,6
DA:112,3
DA:113,6
DA:114,1
DA:116,3
DA:119,6
DA:120,1
DA:121,5
DA:122,0
DA:130,6
DA:131,3
DA:132,3
DA:133,5
DA:135,3
LF:83
LH:82
BRDA:15,0,0,1
BRDA:15,0,1,0
BRDA:21,1,0,1
BRDA:21,1,1,0
BRDA:51,2,0,1
BRDA:51,2,1,3
BRDA:55,3,0,1
BRDA:55,3,1,2
BRDA:59,4,0,1
BRDA:59,4,1,1
BRDA:63,5,0,1
BRDA:63,5,1,0
BRDA:79,6,0,1
BRDA:79,6,1,3
BRDA:82,7,0,1
BRDA:82,7,1,2
BRDA:85,8,0,1
BRDA:85,8,1,1
BRDA:88,9,0,1
BRDA:88,9,1,0
BRDA:97,10,0,1
BRDA:97,10,1,4
BRDA:99,11,0,1
BRDA:99,11,1,3
BRDA:101,12,0,1
BRDA:101,12,1,2
BRDA:103,13,0,1
BRDA:103,13,1,1
BRDA:120,14,0,1
BRDA:120,14,1,0
BRDA:121,15,0,0
BRDA:121,15,1,1
BRDA:133,16,0,1
BRDA:133,16,1,4
BRF:34
BRH:28
end_of_record
TN:
SF:src/utils/sideNavIconGetter.js
FN:13,(anonymous_0)
FNF:1
FNH:1
FNDA:38,(anonymous_0)
DA:6,5
DA:13,38
DA:15,5
LF:3
LH:3
BRF:0
BRH:0
end_of_record
